Using pre-set license
Built from '2020.3/staging' branch; Version is '2020.3.24f1 (79c78de19888) revision 7980941'; Using compiler version '192528614'; Build Type 'Release'
OS: 'Windows 10  (10.0.19042) 64bit Professional' Language: 'ru' Physical Memory: 16226 MB
BatchMode: 1, IsHumanControllingUs: 0, StartBugReporterOnCrash: 0, Is64bit: 1, IsPro: 0

COMMAND LINE ARGUMENTS:
C:\Program Files\Unity\Hub\Editor\2020.3.24f1\Editor\Unity.exe
-adb2
-batchMode
-noUpm
-name
AssetImportWorker0
-projectPath
D:/Udemy - Complete C# Unity Developer 3D Learn to Code Making Games/Repos/course/Tower defence/Tower-defence
-logFile
Logs/AssetImportWorker0.log
-srvPort
53630
Successfully changed project path to: D:/Udemy - Complete C# Unity Developer 3D Learn to Code Making Games/Repos/course/Tower defence/Tower-defence
D:/Udemy - Complete C# Unity Developer 3D Learn to Code Making Games/Repos/course/Tower defence/Tower-defence
Using Asset Import Pipeline V2.
Refreshing native plugins compatible for Editor in 92.03 ms, found 2 plugins.
Preloading 0 native plugins for Editor in 0.00 ms.
Initialize engine version: 2020.3.24f1 (79c78de19888)
[Subsystems] Discovering subsystems at path C:/Program Files/Unity/Hub/Editor/2020.3.24f1/Editor/Data/Resources/UnitySubsystems
[Subsystems] Discovering subsystems at path D:/Udemy - Complete C# Unity Developer 3D Learn to Code Making Games/Repos/course/Tower defence/Tower-defence/Assets
GfxDevice: creating device client; threaded=0
Direct3D:
    Version:  Direct3D 11.0 [level 11.1]
    Renderer: NVIDIA GeForce GTX 1050 (ID=0x1c8d)
    Vendor:   
    VRAM:     4019 MB
    Driver:   26.21.14.4187
Initialize mono
Mono path[0] = 'C:/Program Files/Unity/Hub/Editor/2020.3.24f1/Editor/Data/Managed'
Mono path[1] = 'C:/Program Files/Unity/Hub/Editor/2020.3.24f1/Editor/Data/MonoBleedingEdge/lib/mono/unityjit'
Mono config path = 'C:/Program Files/Unity/Hub/Editor/2020.3.24f1/Editor/Data/MonoBleedingEdge/etc'
Using monoOptions --debugger-agent=transport=dt_socket,embedding=1,server=y,suspend=n,address=127.0.0.1:56644
Begin MonoManager ReloadAssembly
Registering precompiled unity dll's ...
Register platform support module: C:/Program Files/Unity/Hub/Editor/2020.3.24f1/Editor/Data/PlaybackEngines/WindowsStandaloneSupport/UnityEditor.WindowsStandalone.Extensions.dll
Registered in 0.006935 seconds.
Native extension for WindowsStandalone target not found
Refreshing native plugins compatible for Editor in 86.70 ms, found 2 plugins.
Preloading 0 native plugins for Editor in 0.00 ms.
Mono: successfully reloaded assembly
- Completed reload, in  1.589 seconds
Domain Reload Profiling:
	ReloadAssembly (1589ms)
		BeginReloadAssembly (171ms)
			ExecutionOrderSort (0ms)
			DisableScriptedObjects (0ms)
			BackupInstance (0ms)
			ReleaseScriptingObjects (0ms)
			CreateAndSetChildDomain (2ms)
		EndReloadAssembly (1214ms)
			LoadAssemblies (166ms)
			RebuildTransferFunctionScriptingTraits (0ms)
			SetupTypeCache (422ms)
			ReleaseScriptCaches (0ms)
			RebuildScriptCaches (84ms)
			SetupLoadedEditorAssemblies (427ms)
				LogAssemblyErrors (0ms)
				InitializePlatformSupportModulesInManaged (10ms)
				SetLoadedEditorAssemblies (1ms)
				RefreshPlugins (87ms)
				BeforeProcessingInitializeOnLoad (43ms)
				ProcessInitializeOnLoadAttributes (210ms)
				ProcessInitializeOnLoadMethodAttributes (76ms)
				AfterProcessingInitializeOnLoad (0ms)
				EditorAssembliesLoaded (1ms)
			ExecutionOrderSort2 (0ms)
			AwakeInstancesAfterBackupRestoration (0ms)
Platform modules already initialized, skipping
Registering precompiled user dll's ...
Registered in 0.009085 seconds.
Begin MonoManager ReloadAssembly
Native extension for WindowsStandalone target not found
Refreshing native plugins compatible for Editor in 0.67 ms, found 2 plugins.
Preloading 0 native plugins for Editor in 0.00 ms.
Mono: successfully reloaded assembly
- Completed reload, in  2.679 seconds
Domain Reload Profiling:
	ReloadAssembly (2681ms)
		BeginReloadAssembly (381ms)
			ExecutionOrderSort (0ms)
			DisableScriptedObjects (13ms)
			BackupInstance (0ms)
			ReleaseScriptingObjects (0ms)
			CreateAndSetChildDomain (35ms)
		EndReloadAssembly (2133ms)
			LoadAssemblies (245ms)
			RebuildTransferFunctionScriptingTraits (0ms)
			SetupTypeCache (746ms)
			ReleaseScriptCaches (1ms)
			RebuildScriptCaches (110ms)
			SetupLoadedEditorAssemblies (804ms)
				LogAssemblyErrors (0ms)
				InitializePlatformSupportModulesInManaged (12ms)
				SetLoadedEditorAssemblies (1ms)
				RefreshPlugins (1ms)
				BeforeProcessingInitializeOnLoad (213ms)
				ProcessInitializeOnLoadAttributes (532ms)
				ProcessInitializeOnLoadMethodAttributes (24ms)
				AfterProcessingInitializeOnLoad (20ms)
				EditorAssembliesLoaded (1ms)
			ExecutionOrderSort2 (0ms)
			AwakeInstancesAfterBackupRestoration (17ms)
Platform modules already initialized, skipping
========================================================================
Worker process is ready to serve import requests
Launched and connected shader compiler UnityShaderCompiler.exe after 0.13 seconds
Refreshing native plugins compatible for Editor in 0.44 ms, found 2 plugins.
Preloading 0 native plugins for Editor in 0.00 ms.
Unloading 1504 Unused Serialized files (Serialized files now loaded: 0)
System memory in use before: 68.2 MB.
System memory in use after: 68.3 MB.

Unloading 19 unused Assets to reduce memory usage. Loaded Objects now: 1936.
Total: 6.574200 ms (FindLiveObjects: 0.288800 ms CreateObjectMapping: 0.106800 ms MarkObjects: 6.031300 ms  DeleteObjects: 0.145000 ms)

AssetImportParameters requested are different than current active one (requested -> active):
  custom:framework-win-MediaFoundation: 216162199b28c13a410421893ffa2e32 -> 
  custom:video-decoder-ogg-theora: a1e56fd34408186e4bbccfd4996cb3dc -> 
  custom:container-muxer-webm: aa71ff27fc2769a1b78a27578f13a17b -> 
  custom:container-demuxer-webm: 4f35f7cbe854078d1ac9338744f61a02 -> 
  custom:container-demuxer-ogg: 62fdf1f143b41e24485cea50d1cbac27 -> 
  custom:video-encoder-webm-vp8: eb34c28f22e8b96e1ab97ce403110664 -> 
  custom:video-decoder-webm-vp8: 9c59270c3fd7afecdb556c50c9e8de78 -> 
  custom:audio-decoder-ogg-vorbis: bf7c407c2cedff20999df2af8eb42d56 -> 
  custom:audio-encoder-webm-vorbis: bf7c407c2cedff20999df2af8eb42d56 -> 
========================================================================
Received Import Request.
  path: Assets/Voxel Assets/Materials
  artifactKey: Guid(92d6bd519dc22df48922e297d98ae746) Importer(815301076,1909f56bfc062723c751e8b465ee728b)
Start importing Assets/Voxel Assets/Materials using Guid(92d6bd519dc22df48922e297d98ae746) Importer(815301076,1909f56bfc062723c751e8b465ee728b)  -> (artifact id: 'a76e6bdd28c7a6102dccbbef975280be') in 0.044281 seconds 
  Import took 0.105628 seconds .

========================================================================
Received Import Request.
  Time since last request: 218.615398 seconds.
  path: Assets/WayPoint.prefab
  artifactKey: Guid(e978347144afd054d8cfd6edf3c69ef9) Importer(815301076,1909f56bfc062723c751e8b465ee728b)
Start importing Assets/WayPoint.prefab using Guid(e978347144afd054d8cfd6edf3c69ef9) Importer(815301076,1909f56bfc062723c751e8b465ee728b)  -> (artifact id: 'e1118162b88b95e7e8ba226ebba38df2') in 1.580465 seconds 
  Import took 1.587140 seconds .

========================================================================
Received Import Request.
  Time since last request: 2.172954 seconds.
  path: Assets/2,-1.prefab
  artifactKey: Guid(0e65b54d02162d240a1b03b6d3ffe44b) Importer(815301076,1909f56bfc062723c751e8b465ee728b)
Start importing Assets/2,-1.prefab using Guid(0e65b54d02162d240a1b03b6d3ffe44b) Importer(815301076,1909f56bfc062723c751e8b465ee728b)  -> (artifact id: '0a83f0a5c46936e5584d3c5318294d64') in 0.030334 seconds 
  Import took 0.035469 seconds .

========================================================================
Received Import Request.
  Time since last request: 31.750563 seconds.
  path: Assets/2,-1.prefab
  artifactKey: Guid(0e65b54d02162d240a1b03b6d3ffe44b) Importer(815301076,1909f56bfc062723c751e8b465ee728b)
Start importing Assets/2,-1.prefab using Guid(0e65b54d02162d240a1b03b6d3ffe44b) Importer(815301076,1909f56bfc062723c751e8b465ee728b)  -> (artifact id: 'b037ad60891f31952e7e939ed9ec4b9f') in 0.020628 seconds 
  Import took 0.024864 seconds .

========================================================================
Received Import Request.
  Time since last request: 20.503398 seconds.
  path: Assets/Enemy Block.prefab
  artifactKey: Guid(0e65b54d02162d240a1b03b6d3ffe44b) Importer(815301076,1909f56bfc062723c751e8b465ee728b)
Start importing Assets/Enemy Block.prefab using Guid(0e65b54d02162d240a1b03b6d3ffe44b) Importer(815301076,1909f56bfc062723c751e8b465ee728b)  -> (artifact id: 'c1ed26d3acf48ddd733e578b84b2c84b') in 0.035418 seconds 
  Import took 0.069780 seconds .

========================================================================
Received Import Request.
  Time since last request: 14.720188 seconds.
  path: Assets/1,-1.prefab
  artifactKey: Guid(e978347144afd054d8cfd6edf3c69ef9) Importer(815301076,1909f56bfc062723c751e8b465ee728b)
Start importing Assets/1,-1.prefab using Guid(e978347144afd054d8cfd6edf3c69ef9) Importer(815301076,1909f56bfc062723c751e8b465ee728b)  -> (artifact id: '5354aa61b377abd017b43f802c32177f') in 0.017297 seconds 
  Import took 0.021287 seconds .

========================================================================
Received Import Request.
  Time since last request: 14.947677 seconds.
  path: Assets/FriendlyBlock.prefab
  artifactKey: Guid(e978347144afd054d8cfd6edf3c69ef9) Importer(815301076,1909f56bfc062723c751e8b465ee728b)
Start importing Assets/FriendlyBlock.prefab using Guid(e978347144afd054d8cfd6edf3c69ef9) Importer(815301076,1909f56bfc062723c751e8b465ee728b)  -> (artifact id: '3b9d4afefdbb8f6b238110cacec19092') in 0.022309 seconds 
  Import took 0.027784 seconds .

========================================================================
Received Import Request.
  Time since last request: 173.100469 seconds.
  path: Assets/1,-1 Variant.prefab
  artifactKey: Guid(09ebe0e3981fadc49b5ddb2ddc762321) Importer(815301076,1909f56bfc062723c751e8b465ee728b)
Start importing Assets/1,-1 Variant.prefab using Guid(09ebe0e3981fadc49b5ddb2ddc762321) Importer(815301076,1909f56bfc062723c751e8b465ee728b)  -> (artifact id: '702979ccb0d808fe6cff1b16cd6e7d03') in 0.023517 seconds 
  Import took 0.027734 seconds .

========================================================================
Received Import Request.
  Time since last request: 18.560596 seconds.
  path: Assets/Friendly Block.prefab
  artifactKey: Guid(09ebe0e3981fadc49b5ddb2ddc762321) Importer(815301076,1909f56bfc062723c751e8b465ee728b)
Start importing Assets/Friendly Block.prefab using Guid(09ebe0e3981fadc49b5ddb2ddc762321) Importer(815301076,1909f56bfc062723c751e8b465ee728b)  -> (artifact id: 'a9d0a7198755b2080778b2090638407e') in 0.020800 seconds 
  Import took 0.025782 seconds .

========================================================================
Received Import Request.
  Time since last request: 96.595662 seconds.
  path: Assets/Friendly Block.prefab
  artifactKey: Guid(09ebe0e3981fadc49b5ddb2ddc762321) Importer(815301076,1909f56bfc062723c751e8b465ee728b)
Start importing Assets/Friendly Block.prefab using Guid(09ebe0e3981fadc49b5ddb2ddc762321) Importer(815301076,1909f56bfc062723c751e8b465ee728b)  -> (artifact id: '14dd46ac86b717b59656b2148c53dc50') in 0.021250 seconds 
  Import took 0.028682 seconds .

========================================================================
Received Import Request.
  Time since last request: 0.000565 seconds.
  path: Assets/FriendlyBlock.prefab
  artifactKey: Guid(e978347144afd054d8cfd6edf3c69ef9) Importer(815301076,1909f56bfc062723c751e8b465ee728b)
Start importing Assets/FriendlyBlock.prefab using Guid(e978347144afd054d8cfd6edf3c69ef9) Importer(815301076,1909f56bfc062723c751e8b465ee728b)  -> (artifact id: 'e826885c30d8a0c8e24a9418f12f52c4') in 0.015126 seconds 
  Import took 0.019728 seconds .

========================================================================
Received Import Request.
  Time since last request: 32.608268 seconds.
  path: Assets/Block.prefab
  artifactKey: Guid(e978347144afd054d8cfd6edf3c69ef9) Importer(815301076,1909f56bfc062723c751e8b465ee728b)
Start importing Assets/Block.prefab using Guid(e978347144afd054d8cfd6edf3c69ef9) Importer(815301076,1909f56bfc062723c751e8b465ee728b)  -> (artifact id: 'eeff445cb35d7d5d7c241693845da4a4') in 0.023316 seconds 
  Import took 0.028807 seconds .

========================================================================
Received Import Request.
  Time since last request: 0.000397 seconds.
  path: Assets/Friendly Block.prefab
  artifactKey: Guid(09ebe0e3981fadc49b5ddb2ddc762321) Importer(815301076,1909f56bfc062723c751e8b465ee728b)
Start importing Assets/Friendly Block.prefab using Guid(09ebe0e3981fadc49b5ddb2ddc762321) Importer(815301076,1909f56bfc062723c751e8b465ee728b)  -> (artifact id: '0b201a38b0f24db5c239f6b9a7925f70') in 0.013723 seconds 
  Import took 0.017508 seconds .

========================================================================
Received Import Request.
  Time since last request: 28.102765 seconds.
  path: Assets/Block.prefab
  artifactKey: Guid(e978347144afd054d8cfd6edf3c69ef9) Importer(815301076,1909f56bfc062723c751e8b465ee728b)
Start importing Assets/Block.prefab using Guid(e978347144afd054d8cfd6edf3c69ef9) Importer(815301076,1909f56bfc062723c751e8b465ee728b)  -> (artifact id: '3167e559cdd2ab967c12d2f8085cf7b9') in 0.020594 seconds 
  Import took 0.025636 seconds .

========================================================================
Received Import Request.
  Time since last request: 0.000555 seconds.
  path: Assets/Friendly Block.prefab
  artifactKey: Guid(09ebe0e3981fadc49b5ddb2ddc762321) Importer(815301076,1909f56bfc062723c751e8b465ee728b)
Start importing Assets/Friendly Block.prefab using Guid(09ebe0e3981fadc49b5ddb2ddc762321) Importer(815301076,1909f56bfc062723c751e8b465ee728b)  -> (artifact id: '61c423d91069137b64a03883ef939c07') in 0.018397 seconds 
  Import took 0.023772 seconds .

========================================================================
Received Import Request.
  Time since last request: 27.238411 seconds.
  path: Assets/Voxel Assets/Prefabs/2,-1 Variant.prefab
  artifactKey: Guid(0235bfb067247944fabfac1538b4a755) Importer(815301076,1909f56bfc062723c751e8b465ee728b)
Start importing Assets/Voxel Assets/Prefabs/2,-1 Variant.prefab using Guid(0235bfb067247944fabfac1538b4a755) Importer(815301076,1909f56bfc062723c751e8b465ee728b)  -> (artifact id: '12d0b875e2c4ab731bb2ce3cf6986d86') in 0.021945 seconds 
  Import took 0.026244 seconds .

========================================================================
Received Import Request.
  Time since last request: 39.789223 seconds.
  path: Assets/Voxel Assets/Prefabs/2,-1 Variant.prefab
  artifactKey: Guid(0235bfb067247944fabfac1538b4a755) Importer(815301076,1909f56bfc062723c751e8b465ee728b)
Start importing Assets/Voxel Assets/Prefabs/2,-1 Variant.prefab using Guid(0235bfb067247944fabfac1538b4a755) Importer(815301076,1909f56bfc062723c751e8b465ee728b)  -> (artifact id: '50ad11ffdb7cddd46ec4ef12c2185b2a') in 0.024931 seconds 
  Import took 0.029585 seconds .

========================================================================
Received Import Request.
  Time since last request: 9.204921 seconds.
  path: Assets/Voxel Assets/Prefabs/Neutral Block.prefab
  artifactKey: Guid(0235bfb067247944fabfac1538b4a755) Importer(815301076,1909f56bfc062723c751e8b465ee728b)
Start importing Assets/Voxel Assets/Prefabs/Neutral Block.prefab using Guid(0235bfb067247944fabfac1538b4a755) Importer(815301076,1909f56bfc062723c751e8b465ee728b)  -> (artifact id: 'de76431aeba0691c606126d8513ce8ac') in 0.016950 seconds 
  Import took 0.021096 seconds .

========================================================================
Received Import Request.
  Time since last request: 14.520292 seconds.
  path: Assets/Block.prefab
  artifactKey: Guid(e978347144afd054d8cfd6edf3c69ef9) Importer(815301076,1909f56bfc062723c751e8b465ee728b)
Start importing Assets/Block.prefab using Guid(e978347144afd054d8cfd6edf3c69ef9) Importer(815301076,1909f56bfc062723c751e8b465ee728b)  -> (artifact id: 'd76721629dd3c23ef4d0288d27d2d557') in 0.018017 seconds 
  Import took 0.023821 seconds .

========================================================================
Received Import Request.
  Time since last request: 0.000552 seconds.
  path: Assets/Friendly Block.prefab
  artifactKey: Guid(09ebe0e3981fadc49b5ddb2ddc762321) Importer(815301076,1909f56bfc062723c751e8b465ee728b)
Start importing Assets/Friendly Block.prefab using Guid(09ebe0e3981fadc49b5ddb2ddc762321) Importer(815301076,1909f56bfc062723c751e8b465ee728b)  -> (artifact id: '5f7531b5476e386df0323ae17f3aa920') in 0.021448 seconds 
  Import took 0.026878 seconds .

========================================================================
Received Import Request.
  Time since last request: 64.219606 seconds.
  path: Assets/Neutral Block.prefab
  artifactKey: Guid(0235bfb067247944fabfac1538b4a755) Importer(815301076,1909f56bfc062723c751e8b465ee728b)
Start importing Assets/Neutral Block.prefab using Guid(0235bfb067247944fabfac1538b4a755) Importer(815301076,1909f56bfc062723c751e8b465ee728b)  -> (artifact id: '8f141b66a1fe20ff7da62559fb5909ff') in 0.023955 seconds 
  Import took 0.029788 seconds .

========================================================================
Received Import Request.
  Time since last request: 146.433155 seconds.
  path: Assets/Block.prefab
  artifactKey: Guid(e978347144afd054d8cfd6edf3c69ef9) Importer(815301076,1909f56bfc062723c751e8b465ee728b)
Start importing Assets/Block.prefab using Guid(e978347144afd054d8cfd6edf3c69ef9) Importer(815301076,1909f56bfc062723c751e8b465ee728b)  -> (artifact id: '69c83d248a053c2b36e2920c38725e9d') in 0.020877 seconds 
  Import took 0.025620 seconds .

========================================================================
Received Import Request.
  Time since last request: 0.000464 seconds.
  path: Assets/Neutral Block.prefab
  artifactKey: Guid(0235bfb067247944fabfac1538b4a755) Importer(815301076,1909f56bfc062723c751e8b465ee728b)
Start importing Assets/Neutral Block.prefab using Guid(0235bfb067247944fabfac1538b4a755) Importer(815301076,1909f56bfc062723c751e8b465ee728b)  -> (artifact id: 'fc1bea1e37f80ed6507476c55b72c4a0') in 0.022405 seconds 
  Import took 0.027391 seconds .

========================================================================
Received Import Request.
  Time since last request: 0.000549 seconds.
  path: Assets/Friendly Block.prefab
  artifactKey: Guid(09ebe0e3981fadc49b5ddb2ddc762321) Importer(815301076,1909f56bfc062723c751e8b465ee728b)
Start importing Assets/Friendly Block.prefab using Guid(09ebe0e3981fadc49b5ddb2ddc762321) Importer(815301076,1909f56bfc062723c751e8b465ee728b)  -> (artifact id: '6a19d721d117f5071ff150c32dc06b78') in 0.027432 seconds 
  Import took 0.032895 seconds .

========================================================================
Received Import Request.
  Time since last request: 84.703094 seconds.
  path: Assets/1,-1 Variant.prefab
  artifactKey: Guid(09ebe0e3981fadc49b5ddb2ddc762321) Importer(815301076,1909f56bfc062723c751e8b465ee728b)
Start importing Assets/1,-1 Variant.prefab using Guid(09ebe0e3981fadc49b5ddb2ddc762321) Importer(815301076,1909f56bfc062723c751e8b465ee728b)  -> (artifact id: '7d36535e0a09666ef9b500fc29acf48e') in 0.016307 seconds 
  Import took 0.022603 seconds .

========================================================================
Received Import Request.
  Time since last request: 99.474955 seconds.
  path: Assets/Voxel Assets/Prefabs/Block_Enemy.prefab
  artifactKey: Guid(eaf585f6d1c526346860421fbfbc3de4) Importer(815301076,1909f56bfc062723c751e8b465ee728b)
Start importing Assets/Voxel Assets/Prefabs/Block_Enemy.prefab using Guid(eaf585f6d1c526346860421fbfbc3de4) Importer(815301076,1909f56bfc062723c751e8b465ee728b)  -> (artifact id: '6dd1b7da704720848def7c72607eded8') in 0.029030 seconds 
  Import took 0.038780 seconds .

========================================================================
Received Import Request.
  Time since last request: 4.492343 seconds.
  path: Assets/Voxel Assets/Prefabs/Neutral Block.prefab
  artifactKey: Guid(0235bfb067247944fabfac1538b4a755) Importer(815301076,1909f56bfc062723c751e8b465ee728b)
Start importing Assets/Voxel Assets/Prefabs/Neutral Block.prefab using Guid(0235bfb067247944fabfac1538b4a755) Importer(815301076,1909f56bfc062723c751e8b465ee728b)  -> (artifact id: '1736b35fba81b266b84a6e4bfb5e9ecf') in 0.026616 seconds 
  Import took 0.031521 seconds .

========================================================================
Received Import Request.
  Time since last request: 2.478023 seconds.
  path: Assets/Voxel Assets/Prefabs/Neutral Block.prefab
  artifactKey: Guid(0235bfb067247944fabfac1538b4a755) Importer(815301076,1909f56bfc062723c751e8b465ee728b)
Start importing Assets/Voxel Assets/Prefabs/Neutral Block.prefab using Guid(0235bfb067247944fabfac1538b4a755) Importer(815301076,1909f56bfc062723c751e8b465ee728b)  -> (artifact id: 'b7266d7daf0e68c453f89389b76098f7') in 0.029250 seconds 
  Import took 0.034800 seconds .

========================================================================
Received Import Request.
  Time since last request: 2.802005 seconds.
  path: Assets/Voxel Assets/Prefabs/Neutral Block.prefab
  artifactKey: Guid(0235bfb067247944fabfac1538b4a755) Importer(815301076,1909f56bfc062723c751e8b465ee728b)
Start importing Assets/Voxel Assets/Prefabs/Neutral Block.prefab using Guid(0235bfb067247944fabfac1538b4a755) Importer(815301076,1909f56bfc062723c751e8b465ee728b)  -> (artifact id: '0fdd178f377983562fcaa65c202b7d76') in 0.021448 seconds 
  Import took 0.055830 seconds .

========================================================================
Received Import Request.
  Time since last request: 1.612523 seconds.
  path: Assets/Voxel Assets/Prefabs/Neutral Block.prefab
  artifactKey: Guid(0235bfb067247944fabfac1538b4a755) Importer(815301076,1909f56bfc062723c751e8b465ee728b)
Start importing Assets/Voxel Assets/Prefabs/Neutral Block.prefab using Guid(0235bfb067247944fabfac1538b4a755) Importer(815301076,1909f56bfc062723c751e8b465ee728b)  -> (artifact id: '650da1e726ce13512ac85efafb38010f') in 0.024274 seconds 
  Import took 0.028859 seconds .

========================================================================
Received Import Request.
  Time since last request: 1.656575 seconds.
  path: Assets/Voxel Assets/Prefabs/Neutral Block.prefab
  artifactKey: Guid(0235bfb067247944fabfac1538b4a755) Importer(815301076,1909f56bfc062723c751e8b465ee728b)
Start importing Assets/Voxel Assets/Prefabs/Neutral Block.prefab using Guid(0235bfb067247944fabfac1538b4a755) Importer(815301076,1909f56bfc062723c751e8b465ee728b)  -> (artifact id: '1228413e25b6c3505b0dc7778b899605') in 0.031941 seconds 
  Import took 0.037912 seconds .

========================================================================
Received Import Request.
  Time since last request: 2.861434 seconds.
  path: Assets/Voxel Assets/Prefabs/Neutral Block.prefab
  artifactKey: Guid(0235bfb067247944fabfac1538b4a755) Importer(815301076,1909f56bfc062723c751e8b465ee728b)
Start importing Assets/Voxel Assets/Prefabs/Neutral Block.prefab using Guid(0235bfb067247944fabfac1538b4a755) Importer(815301076,1909f56bfc062723c751e8b465ee728b)  -> (artifact id: '86e34c4883179bb9a227152b4e6c434b') in 0.034269 seconds 
  Import took 0.039505 seconds .

========================================================================
Received Import Request.
  Time since last request: 11.512644 seconds.
  path: Assets/0,2 Variant.prefab
  artifactKey: Guid(7a6c368d687f39f4f8a584fb45d971fa) Importer(815301076,1909f56bfc062723c751e8b465ee728b)
Start importing Assets/0,2 Variant.prefab using Guid(7a6c368d687f39f4f8a584fb45d971fa) Importer(815301076,1909f56bfc062723c751e8b465ee728b)  -> (artifact id: '81ce2cc5b42f0bc0b800f2bd72b7f009') in 0.020411 seconds 
  Import took 0.024630 seconds .

========================================================================
Received Import Request.
  Time since last request: 0.000446 seconds.
  path: Assets/Block.prefab
  artifactKey: Guid(e978347144afd054d8cfd6edf3c69ef9) Importer(815301076,1909f56bfc062723c751e8b465ee728b)
Start importing Assets/Block.prefab using Guid(e978347144afd054d8cfd6edf3c69ef9) Importer(815301076,1909f56bfc062723c751e8b465ee728b)  -> (artifact id: '7807ed6488eeecab0cb384ef04ee4d2c') in 0.013604 seconds 
  Import took 0.017774 seconds .

========================================================================
Received Import Request.
  Time since last request: 0.000427 seconds.
  path: Assets/1,-1 Variant.prefab
  artifactKey: Guid(09ebe0e3981fadc49b5ddb2ddc762321) Importer(815301076,1909f56bfc062723c751e8b465ee728b)
Start importing Assets/1,-1 Variant.prefab using Guid(09ebe0e3981fadc49b5ddb2ddc762321) Importer(815301076,1909f56bfc062723c751e8b465ee728b)  -> (artifact id: 'b1845aa88eaf4a1323d47a296de2fcda') in 0.019554 seconds 
  Import took 0.024824 seconds .

========================================================================
Received Import Request.
  Time since last request: 18.913429 seconds.
  path: Assets/0,2 Variant.prefab
  artifactKey: Guid(7a6c368d687f39f4f8a584fb45d971fa) Importer(815301076,1909f56bfc062723c751e8b465ee728b)
Start importing Assets/0,2 Variant.prefab using Guid(7a6c368d687f39f4f8a584fb45d971fa) Importer(815301076,1909f56bfc062723c751e8b465ee728b)  -> (artifact id: '2f4abdb9e4faa672283ef49cbbb546f2') in 0.028357 seconds 
  Import took 0.034602 seconds .

========================================================================
Received Import Request.
  Time since last request: 8.976735 seconds.
  path: Assets/Neutral.prefab
  artifactKey: Guid(7a6c368d687f39f4f8a584fb45d971fa) Importer(815301076,1909f56bfc062723c751e8b465ee728b)
Start importing Assets/Neutral.prefab using Guid(7a6c368d687f39f4f8a584fb45d971fa) Importer(815301076,1909f56bfc062723c751e8b465ee728b)  -> (artifact id: '67ba04164817f25740fb3ac62b7a9633') in 0.028111 seconds 
  Import took 0.033854 seconds .

========================================================================
Received Import Request.
  Time since last request: 31.427467 seconds.
  path: Assets/Neutral.prefab
  artifactKey: Guid(7a6c368d687f39f4f8a584fb45d971fa) Importer(815301076,1909f56bfc062723c751e8b465ee728b)
Start importing Assets/Neutral.prefab using Guid(7a6c368d687f39f4f8a584fb45d971fa) Importer(815301076,1909f56bfc062723c751e8b465ee728b)  -> (artifact id: '66ee964010792bdc1c8c1dced3a1cbad') in 0.020976 seconds 
  Import took 0.025953 seconds .

========================================================================
Received Import Request.
  Time since last request: 47.772510 seconds.
  path: Assets/0,2 Variant.prefab
  artifactKey: Guid(3c6c675707ed48b40be1da1a19c0c848) Importer(815301076,1909f56bfc062723c751e8b465ee728b)
Start importing Assets/0,2 Variant.prefab using Guid(3c6c675707ed48b40be1da1a19c0c848) Importer(815301076,1909f56bfc062723c751e8b465ee728b)  -> (artifact id: '9ea486f5b4c0162527fedb41131d9b42') in 0.022301 seconds 
  Import took 0.027328 seconds .

========================================================================
Received Import Request.
  Time since last request: 10.062691 seconds.
  path: Assets/0,2 Variant.prefab
  artifactKey: Guid(3c6c675707ed48b40be1da1a19c0c848) Importer(815301076,1909f56bfc062723c751e8b465ee728b)
Start importing Assets/0,2 Variant.prefab using Guid(3c6c675707ed48b40be1da1a19c0c848) Importer(815301076,1909f56bfc062723c751e8b465ee728b)  -> (artifact id: '7a7699d856b5d38def608792923edb4a') in 0.027755 seconds 
  Import took 0.033027 seconds .

========================================================================
Received Import Request.
  Time since last request: 11.252115 seconds.
  path: Assets/0,2 Variant.prefab
  artifactKey: Guid(3c6c675707ed48b40be1da1a19c0c848) Importer(815301076,1909f56bfc062723c751e8b465ee728b)
Start importing Assets/0,2 Variant.prefab using Guid(3c6c675707ed48b40be1da1a19c0c848) Importer(815301076,1909f56bfc062723c751e8b465ee728b)  -> (artifact id: '8746462bffc5aa42f067e17e1224f89c') in 0.028474 seconds 
  Import took 0.034041 seconds .

========================================================================
Received Import Request.
  Time since last request: 1.661582 seconds.
  path: Assets/0,2 Variant.prefab
  artifactKey: Guid(3c6c675707ed48b40be1da1a19c0c848) Importer(815301076,1909f56bfc062723c751e8b465ee728b)
Start importing Assets/0,2 Variant.prefab using Guid(3c6c675707ed48b40be1da1a19c0c848) Importer(815301076,1909f56bfc062723c751e8b465ee728b)  -> (artifact id: '7ac4a6db13445077b53a8950037ea5ae') in 0.026632 seconds 
  Import took 0.030934 seconds .

========================================================================
Received Import Request.
  Time since last request: 1.246681 seconds.
  path: Assets/0,2 Variant.prefab
  artifactKey: Guid(3c6c675707ed48b40be1da1a19c0c848) Importer(815301076,1909f56bfc062723c751e8b465ee728b)
Start importing Assets/0,2 Variant.prefab using Guid(3c6c675707ed48b40be1da1a19c0c848) Importer(815301076,1909f56bfc062723c751e8b465ee728b)  -> (artifact id: '5105d3e9689aec0a6278e1e5f953805c') in 0.021024 seconds 
  Import took 0.025293 seconds .

========================================================================
Received Import Request.
  Time since last request: 2.378766 seconds.
  path: Assets/0,2 Variant.prefab
  artifactKey: Guid(3c6c675707ed48b40be1da1a19c0c848) Importer(815301076,1909f56bfc062723c751e8b465ee728b)
Start importing Assets/0,2 Variant.prefab using Guid(3c6c675707ed48b40be1da1a19c0c848) Importer(815301076,1909f56bfc062723c751e8b465ee728b)  -> (artifact id: '704d9e8c7fa814f0e8f6414620087a18') in 0.019599 seconds 
  Import took 0.023504 seconds .

========================================================================
Received Import Request.
  Time since last request: 112.248515 seconds.
  path: Assets/3,1 Variant.prefab
  artifactKey: Guid(baadd29fdf2dfeb4591c7809ccafd0a4) Importer(815301076,1909f56bfc062723c751e8b465ee728b)
Start importing Assets/3,1 Variant.prefab using Guid(baadd29fdf2dfeb4591c7809ccafd0a4) Importer(815301076,1909f56bfc062723c751e8b465ee728b)  -> (artifact id: 'a870597d1393e45d8effd976c3d2b76e') in 0.020607 seconds 
  Import took 0.024892 seconds .

========================================================================
Received Import Request.
  Time since last request: 95.243322 seconds.
  path: Assets/1,-1 Variant.prefab
  artifactKey: Guid(09ebe0e3981fadc49b5ddb2ddc762321) Importer(815301076,1909f56bfc062723c751e8b465ee728b)
Start importing Assets/1,-1 Variant.prefab using Guid(09ebe0e3981fadc49b5ddb2ddc762321) Importer(815301076,1909f56bfc062723c751e8b465ee728b)  -> (artifact id: '32c9ab71574843d3d279f499a6112f40') in 0.024763 seconds 
  Import took 0.030075 seconds .

========================================================================
Received Import Request.
  Time since last request: 41.012338 seconds.
  path: Assets/2,-1 Variant.prefab
  artifactKey: Guid(8f029f78689f355448e698cc86309b45) Importer(815301076,1909f56bfc062723c751e8b465ee728b)
Start importing Assets/2,-1 Variant.prefab using Guid(8f029f78689f355448e698cc86309b45) Importer(815301076,1909f56bfc062723c751e8b465ee728b)  -> (artifact id: '83938c3698c2b4e560999f1df225cd39') in 0.017092 seconds 
  Import took 0.021234 seconds .

========================================================================
Received Import Request.
  Time since last request: 14183.969554 seconds.
  path: Assets/Voxel Assets/Prefabs/Neutral Block.prefab
  artifactKey: Guid(0235bfb067247944fabfac1538b4a755) Importer(815301076,1909f56bfc062723c751e8b465ee728b)
Start importing Assets/Voxel Assets/Prefabs/Neutral Block.prefab using Guid(0235bfb067247944fabfac1538b4a755) Importer(815301076,1909f56bfc062723c751e8b465ee728b)  -> (artifact id: '6b2206daf7c06544d76691acee5f2466') in 0.134578 seconds 
  Import took 0.138164 seconds .

========================================================================
Received Import Request.
  Time since last request: 461.480961 seconds.
  path: Assets/Enemy.prefab
  artifactKey: Guid(f3820613c1fc3724190ac839c077a4c4) Importer(815301076,1909f56bfc062723c751e8b465ee728b)
Start importing Assets/Enemy.prefab using Guid(f3820613c1fc3724190ac839c077a4c4) Importer(815301076,1909f56bfc062723c751e8b465ee728b)  -> (artifact id: 'e1ed3ff75b12632d64a073061347cc9f') in 0.004818 seconds 
  Import took 0.048154 seconds .

========================================================================
Received Import Request.
  Time since last request: 0.000331 seconds.
  path: Assets/Tower.prefab
  artifactKey: Guid(d39b2ceddfdbc1e4bab8f4d83390aaa5) Importer(815301076,1909f56bfc062723c751e8b465ee728b)
Start importing Assets/Tower.prefab using Guid(d39b2ceddfdbc1e4bab8f4d83390aaa5) Importer(815301076,1909f56bfc062723c751e8b465ee728b)  -> (artifact id: '74d42a933daff33060e1c2327a90b13c') in 0.013797 seconds 
  Import took 0.016105 seconds .

========================================================================
Received Prepare
Registering precompiled user dll's ...
Registered in 0.551791 seconds.
Begin MonoManager ReloadAssembly
Native extension for WindowsStandalone target not found
Refreshing native plugins compatible for Editor in 0.32 ms, found 2 plugins.
Preloading 0 native plugins for Editor in 0.00 ms.
Mono: successfully reloaded assembly
- Completed reload, in  1.358 seconds
Domain Reload Profiling:
	ReloadAssembly (1359ms)
		BeginReloadAssembly (156ms)
			ExecutionOrderSort (0ms)
			DisableScriptedObjects (6ms)
			BackupInstance (0ms)
			ReleaseScriptingObjects (0ms)
			CreateAndSetChildDomain (46ms)
		EndReloadAssembly (1135ms)
			LoadAssemblies (388ms)
			RebuildTransferFunctionScriptingTraits (0ms)
			SetupTypeCache (318ms)
			ReleaseScriptCaches (1ms)
			RebuildScriptCaches (40ms)
			SetupLoadedEditorAssemblies (300ms)
				LogAssemblyErrors (0ms)
				InitializePlatformSupportModulesInManaged (4ms)
				SetLoadedEditorAssemblies (0ms)
				RefreshPlugins (0ms)
				BeforeProcessingInitializeOnLoad (74ms)
				ProcessInitializeOnLoadAttributes (204ms)
				ProcessInitializeOnLoadMethodAttributes (10ms)
				AfterProcessingInitializeOnLoad (7ms)
				EditorAssembliesLoaded (0ms)
			ExecutionOrderSort2 (0ms)
			AwakeInstancesAfterBackupRestoration (6ms)
Platform modules already initialized, skipping
Refreshing native plugins compatible for Editor in 0.46 ms, found 2 plugins.
Preloading 0 native plugins for Editor in 0.00 ms.
Unloading 1499 Unused Serialized files (Serialized files now loaded: 0)
System memory in use before: 71.4 MB.
System memory in use after: 71.5 MB.

Unloading 14 unused Assets to reduce memory usage. Loaded Objects now: 1947.
Total: 2.785800 ms (FindLiveObjects: 0.148000 ms CreateObjectMapping: 0.050700 ms MarkObjects: 2.569800 ms  DeleteObjects: 0.016400 ms)

AssetImportParameters requested are different than current active one (requested -> active):
  custom:framework-win-MediaFoundation: 216162199b28c13a410421893ffa2e32 -> 
  custom:video-decoder-ogg-theora: a1e56fd34408186e4bbccfd4996cb3dc -> 
  custom:container-muxer-webm: aa71ff27fc2769a1b78a27578f13a17b -> 
  custom:container-demuxer-webm: 4f35f7cbe854078d1ac9338744f61a02 -> 
  custom:container-demuxer-ogg: 62fdf1f143b41e24485cea50d1cbac27 -> 
  custom:video-encoder-webm-vp8: eb34c28f22e8b96e1ab97ce403110664 -> 
  custom:video-decoder-webm-vp8: 9c59270c3fd7afecdb556c50c9e8de78 -> 
  custom:audio-decoder-ogg-vorbis: bf7c407c2cedff20999df2af8eb42d56 -> 
  custom:audio-encoder-webm-vorbis: bf7c407c2cedff20999df2af8eb42d56 -> 
========================================================================
Received Prepare
Registering precompiled user dll's ...
Registered in 0.002827 seconds.
Begin MonoManager ReloadAssembly
Native extension for WindowsStandalone target not found
Refreshing native plugins compatible for Editor in 0.31 ms, found 2 plugins.
Preloading 0 native plugins for Editor in 0.00 ms.
Mono: successfully reloaded assembly
- Completed reload, in  0.947 seconds
Domain Reload Profiling:
	ReloadAssembly (948ms)
		BeginReloadAssembly (115ms)
			ExecutionOrderSort (0ms)
			DisableScriptedObjects (4ms)
			BackupInstance (0ms)
			ReleaseScriptingObjects (0ms)
			CreateAndSetChildDomain (33ms)
		EndReloadAssembly (762ms)
			LoadAssemblies (88ms)
			RebuildTransferFunctionScriptingTraits (0ms)
			SetupTypeCache (285ms)
			ReleaseScriptCaches (1ms)
			RebuildScriptCaches (36ms)
			SetupLoadedEditorAssemblies (270ms)
				LogAssemblyErrors (0ms)
				InitializePlatformSupportModulesInManaged (6ms)
				SetLoadedEditorAssemblies (1ms)
				RefreshPlugins (0ms)
				BeforeProcessingInitializeOnLoad (72ms)
				ProcessInitializeOnLoadAttributes (176ms)
				ProcessInitializeOnLoadMethodAttributes (9ms)
				AfterProcessingInitializeOnLoad (7ms)
				EditorAssembliesLoaded (0ms)
			ExecutionOrderSort2 (0ms)
			AwakeInstancesAfterBackupRestoration (8ms)
Platform modules already initialized, skipping
Refreshing native plugins compatible for Editor in 0.32 ms, found 2 plugins.
Preloading 0 native plugins for Editor in 0.00 ms.
Unloading 1499 Unused Serialized files (Serialized files now loaded: 0)
System memory in use before: 71.4 MB.
System memory in use after: 71.5 MB.

Unloading 14 unused Assets to reduce memory usage. Loaded Objects now: 1949.
Total: 2.339100 ms (FindLiveObjects: 0.128200 ms CreateObjectMapping: 0.041300 ms MarkObjects: 2.154800 ms  DeleteObjects: 0.013500 ms)

AssetImportParameters requested are different than current active one (requested -> active):
  custom:framework-win-MediaFoundation: 216162199b28c13a410421893ffa2e32 -> 
  custom:video-decoder-ogg-theora: a1e56fd34408186e4bbccfd4996cb3dc -> 
  custom:container-muxer-webm: aa71ff27fc2769a1b78a27578f13a17b -> 
  custom:container-demuxer-webm: 4f35f7cbe854078d1ac9338744f61a02 -> 
  custom:container-demuxer-ogg: 62fdf1f143b41e24485cea50d1cbac27 -> 
  custom:video-encoder-webm-vp8: eb34c28f22e8b96e1ab97ce403110664 -> 
  custom:video-decoder-webm-vp8: 9c59270c3fd7afecdb556c50c9e8de78 -> 
  custom:audio-decoder-ogg-vorbis: bf7c407c2cedff20999df2af8eb42d56 -> 
  custom:audio-encoder-webm-vorbis: bf7c407c2cedff20999df2af8eb42d56 -> 
========================================================================
Received Prepare
Registering precompiled user dll's ...
Registered in 0.002964 seconds.
Begin MonoManager ReloadAssembly
Native extension for WindowsStandalone target not found
Refreshing native plugins compatible for Editor in 0.33 ms, found 2 plugins.
Preloading 0 native plugins for Editor in 0.00 ms.
Mono: successfully reloaded assembly
- Completed reload, in  0.912 seconds
Domain Reload Profiling:
	ReloadAssembly (912ms)
		BeginReloadAssembly (110ms)
			ExecutionOrderSort (0ms)
			DisableScriptedObjects (4ms)
			BackupInstance (0ms)
			ReleaseScriptingObjects (0ms)
			CreateAndSetChildDomain (29ms)
		EndReloadAssembly (742ms)
			LoadAssemblies (88ms)
			RebuildTransferFunctionScriptingTraits (0ms)
			SetupTypeCache (272ms)
			ReleaseScriptCaches (1ms)
			RebuildScriptCaches (35ms)
			SetupLoadedEditorAssemblies (268ms)
				LogAssemblyErrors (0ms)
				InitializePlatformSupportModulesInManaged (5ms)
				SetLoadedEditorAssemblies (0ms)
				RefreshPlugins (0ms)
				BeforeProcessingInitializeOnLoad (70ms)
				ProcessInitializeOnLoadAttributes (176ms)
				ProcessInitializeOnLoadMethodAttributes (9ms)
				AfterProcessingInitializeOnLoad (7ms)
				EditorAssembliesLoaded (0ms)
			ExecutionOrderSort2 (0ms)
			AwakeInstancesAfterBackupRestoration (6ms)
Platform modules already initialized, skipping
Refreshing native plugins compatible for Editor in 0.31 ms, found 2 plugins.
Preloading 0 native plugins for Editor in 0.00 ms.
Unloading 1499 Unused Serialized files (Serialized files now loaded: 0)
System memory in use before: 71.4 MB.
System memory in use after: 71.5 MB.

Unloading 14 unused Assets to reduce memory usage. Loaded Objects now: 1951.
Total: 2.940300 ms (FindLiveObjects: 0.137600 ms CreateObjectMapping: 0.038400 ms MarkObjects: 2.740100 ms  DeleteObjects: 0.023000 ms)

AssetImportParameters requested are different than current active one (requested -> active):
  custom:framework-win-MediaFoundation: 216162199b28c13a410421893ffa2e32 -> 
  custom:video-decoder-ogg-theora: a1e56fd34408186e4bbccfd4996cb3dc -> 
  custom:container-muxer-webm: aa71ff27fc2769a1b78a27578f13a17b -> 
  custom:container-demuxer-webm: 4f35f7cbe854078d1ac9338744f61a02 -> 
  custom:container-demuxer-ogg: 62fdf1f143b41e24485cea50d1cbac27 -> 
  custom:video-encoder-webm-vp8: eb34c28f22e8b96e1ab97ce403110664 -> 
  custom:video-decoder-webm-vp8: 9c59270c3fd7afecdb556c50c9e8de78 -> 
  custom:audio-decoder-ogg-vorbis: bf7c407c2cedff20999df2af8eb42d56 -> 
  custom:audio-encoder-webm-vorbis: bf7c407c2cedff20999df2af8eb42d56 -> 
========================================================================
Received Import Request.
  Time since last request: 465.609088 seconds.
  path: Assets/Tower.prefab
  artifactKey: Guid(d39b2ceddfdbc1e4bab8f4d83390aaa5) Importer(815301076,1909f56bfc062723c751e8b465ee728b)
Start importing Assets/Tower.prefab using Guid(d39b2ceddfdbc1e4bab8f4d83390aaa5) Importer(815301076,1909f56bfc062723c751e8b465ee728b)  -> (artifact id: '74803e10e3af1b3c7a37a800f9be633a') in 0.058474 seconds 
  Import took 0.061143 seconds .

========================================================================
Received Import Request.
  Time since last request: 12.940842 seconds.
  path: Assets/Enemy.prefab
  artifactKey: Guid(f3820613c1fc3724190ac839c077a4c4) Importer(815301076,1909f56bfc062723c751e8b465ee728b)
Start importing Assets/Enemy.prefab using Guid(f3820613c1fc3724190ac839c077a4c4) Importer(815301076,1909f56bfc062723c751e8b465ee728b)  -> (artifact id: '00ccfa7a18f0039ed6d264ec052e51d0') in 0.017546 seconds 
  Import took 0.020630 seconds .

========================================================================
Received Import Request.
  Time since last request: 421.646194 seconds.
  path: Assets/Voxel Assets/Materials/Voxel Material.mat
  artifactKey: Guid(37b99336461214a40b89b24408e235bb) Importer(815301076,1909f56bfc062723c751e8b465ee728b)
Start importing Assets/Voxel Assets/Materials/Voxel Material.mat using Guid(37b99336461214a40b89b24408e235bb) Importer(815301076,1909f56bfc062723c751e8b465ee728b)  -> (artifact id: '4cf24fee11ab473ca550447a1c26d889') in 0.540542 seconds 
  Import took 0.543684 seconds .

========================================================================
Received Import Request.
  Time since last request: 151.471763 seconds.
  path: Assets/Particle System.prefab
  artifactKey: Guid(d9fea4ae28c8b404e8ed5762045a5acf) Importer(815301076,1909f56bfc062723c751e8b465ee728b)
Start importing Assets/Particle System.prefab using Guid(d9fea4ae28c8b404e8ed5762045a5acf) Importer(815301076,1909f56bfc062723c751e8b465ee728b)  -> (artifact id: 'b5fa110780087e1d98073200282f1879') in 0.025254 seconds 
  Import took 0.121432 seconds .

========================================================================
Received Import Request.
  Time since last request: 24.006790 seconds.
  path: Assets/Bullets.prefab
  artifactKey: Guid(d9fea4ae28c8b404e8ed5762045a5acf) Importer(815301076,1909f56bfc062723c751e8b465ee728b)
Start importing Assets/Bullets.prefab using Guid(d9fea4ae28c8b404e8ed5762045a5acf) Importer(815301076,1909f56bfc062723c751e8b465ee728b)  -> (artifact id: '1bb86e24b719004ef49262614accffe9') in 0.011810 seconds 
  Import took 0.047476 seconds .

========================================================================
Received Import Request.
  Time since last request: 374.803494 seconds.
  path: Assets/Tower.prefab
  artifactKey: Guid(d39b2ceddfdbc1e4bab8f4d83390aaa5) Importer(815301076,1909f56bfc062723c751e8b465ee728b)
Start importing Assets/Tower.prefab using Guid(d39b2ceddfdbc1e4bab8f4d83390aaa5) Importer(815301076,1909f56bfc062723c751e8b465ee728b)  -> (artifact id: '342f536a2506e4bd975f4a44545178c8') in 0.016625 seconds 
  Import took 0.019773 seconds .

========================================================================
Received Import Request.
  Time since last request: 136.224757 seconds.
  path: Assets/Bullets.prefab
  artifactKey: Guid(d9fea4ae28c8b404e8ed5762045a5acf) Importer(815301076,1909f56bfc062723c751e8b465ee728b)
Start importing Assets/Bullets.prefab using Guid(d9fea4ae28c8b404e8ed5762045a5acf) Importer(815301076,1909f56bfc062723c751e8b465ee728b)  -> (artifact id: 'cfc8785b1fe1a24dd6463f3adcd8a468') in 0.014170 seconds 
  Import took 0.017162 seconds .

========================================================================
Received Import Request.
  Time since last request: 0.000363 seconds.
  path: Assets/Tower.prefab
  artifactKey: Guid(d39b2ceddfdbc1e4bab8f4d83390aaa5) Importer(815301076,1909f56bfc062723c751e8b465ee728b)
Start importing Assets/Tower.prefab using Guid(d39b2ceddfdbc1e4bab8f4d83390aaa5) Importer(815301076,1909f56bfc062723c751e8b465ee728b)  -> (artifact id: '05fd4b430f7a604972dd6dc463b4797e') in 0.014165 seconds 
  Import took 0.057431 seconds .

========================================================================
Received Import Request.
  Time since last request: 4.524908 seconds.
  path: Assets/Bullets.prefab
  artifactKey: Guid(d9fea4ae28c8b404e8ed5762045a5acf) Importer(815301076,1909f56bfc062723c751e8b465ee728b)
Start importing Assets/Bullets.prefab using Guid(d9fea4ae28c8b404e8ed5762045a5acf) Importer(815301076,1909f56bfc062723c751e8b465ee728b)  -> (artifact id: '1091cf96660963f80a46aaf7457cdd4d') in 0.010114 seconds 
  Import took 0.012994 seconds .

========================================================================
Received Import Request.
  Time since last request: 0.000290 seconds.
  path: Assets/Tower.prefab
  artifactKey: Guid(d39b2ceddfdbc1e4bab8f4d83390aaa5) Importer(815301076,1909f56bfc062723c751e8b465ee728b)
Start importing Assets/Tower.prefab using Guid(d39b2ceddfdbc1e4bab8f4d83390aaa5) Importer(815301076,1909f56bfc062723c751e8b465ee728b)  -> (artifact id: '403133d99844089ba7e51574975087c4') in 0.011778 seconds 
  Import took 0.060884 seconds .

========================================================================
Received Import Request.
  Time since last request: 26.672047 seconds.
  path: Assets/Tower.prefab
  artifactKey: Guid(d39b2ceddfdbc1e4bab8f4d83390aaa5) Importer(815301076,1909f56bfc062723c751e8b465ee728b)
Start importing Assets/Tower.prefab using Guid(d39b2ceddfdbc1e4bab8f4d83390aaa5) Importer(815301076,1909f56bfc062723c751e8b465ee728b)  -> (artifact id: '6099c5ba8d8d539105e7e9500ac1141d') in 0.016140 seconds 
  Import took 0.018681 seconds .

========================================================================
Received Prepare
Registering precompiled user dll's ...
Registered in 0.002921 seconds.
Begin MonoManager ReloadAssembly
Native extension for WindowsStandalone target not found
Refreshing native plugins compatible for Editor in 0.33 ms, found 2 plugins.
Preloading 0 native plugins for Editor in 0.00 ms.
Mono: successfully reloaded assembly
- Completed reload, in  1.025 seconds
Domain Reload Profiling:
	ReloadAssembly (1025ms)
		BeginReloadAssembly (120ms)
			ExecutionOrderSort (0ms)
			DisableScriptedObjects (4ms)
			BackupInstance (0ms)
			ReleaseScriptingObjects (0ms)
			CreateAndSetChildDomain (31ms)
		EndReloadAssembly (846ms)
			LoadAssemblies (111ms)
			RebuildTransferFunctionScriptingTraits (0ms)
			SetupTypeCache (328ms)
			ReleaseScriptCaches (1ms)
			RebuildScriptCaches (39ms)
			SetupLoadedEditorAssemblies (278ms)
				LogAssemblyErrors (0ms)
				InitializePlatformSupportModulesInManaged (5ms)
				SetLoadedEditorAssemblies (1ms)
				RefreshPlugins (0ms)
				BeforeProcessingInitializeOnLoad (70ms)
				ProcessInitializeOnLoadAttributes (186ms)
				ProcessInitializeOnLoadMethodAttributes (9ms)
				AfterProcessingInitializeOnLoad (7ms)
				EditorAssembliesLoaded (0ms)
			ExecutionOrderSort2 (0ms)
			AwakeInstancesAfterBackupRestoration (6ms)
Platform modules already initialized, skipping
Refreshing native plugins compatible for Editor in 0.31 ms, found 2 plugins.
Preloading 0 native plugins for Editor in 0.00 ms.
Unloading 1500 Unused Serialized files (Serialized files now loaded: 0)
System memory in use before: 71.7 MB.
System memory in use after: 71.8 MB.

Unloading 14 unused Assets to reduce memory usage. Loaded Objects now: 1988.
Total: 2.712400 ms (FindLiveObjects: 0.156200 ms CreateObjectMapping: 0.039800 ms MarkObjects: 2.497600 ms  DeleteObjects: 0.017500 ms)

AssetImportParameters requested are different than current active one (requested -> active):
  custom:framework-win-MediaFoundation: 216162199b28c13a410421893ffa2e32 -> 
  custom:video-decoder-ogg-theora: a1e56fd34408186e4bbccfd4996cb3dc -> 
  custom:container-muxer-webm: aa71ff27fc2769a1b78a27578f13a17b -> 
  custom:container-demuxer-webm: 4f35f7cbe854078d1ac9338744f61a02 -> 
  custom:container-demuxer-ogg: 62fdf1f143b41e24485cea50d1cbac27 -> 
  custom:video-encoder-webm-vp8: eb34c28f22e8b96e1ab97ce403110664 -> 
  custom:video-decoder-webm-vp8: 9c59270c3fd7afecdb556c50c9e8de78 -> 
  custom:audio-decoder-ogg-vorbis: bf7c407c2cedff20999df2af8eb42d56 -> 
  custom:audio-encoder-webm-vorbis: bf7c407c2cedff20999df2af8eb42d56 -> 
========================================================================
Received Prepare
Registering precompiled user dll's ...
Registered in 0.002798 seconds.
Begin MonoManager ReloadAssembly
Native extension for WindowsStandalone target not found
Refreshing native plugins compatible for Editor in 0.30 ms, found 2 plugins.
Preloading 0 native plugins for Editor in 0.00 ms.
Mono: successfully reloaded assembly
- Completed reload, in  0.897 seconds
Domain Reload Profiling:
	ReloadAssembly (897ms)
		BeginReloadAssembly (103ms)
			ExecutionOrderSort (0ms)
			DisableScriptedObjects (4ms)
			BackupInstance (0ms)
			ReleaseScriptingObjects (0ms)
			CreateAndSetChildDomain (28ms)
		EndReloadAssembly (734ms)
			LoadAssemblies (87ms)
			RebuildTransferFunctionScriptingTraits (0ms)
			SetupTypeCache (272ms)
			ReleaseScriptCaches (1ms)
			RebuildScriptCaches (39ms)
			SetupLoadedEditorAssemblies (256ms)
				LogAssemblyErrors (0ms)
				InitializePlatformSupportModulesInManaged (4ms)
				SetLoadedEditorAssemblies (1ms)
				RefreshPlugins (0ms)
				BeforeProcessingInitializeOnLoad (68ms)
				ProcessInitializeOnLoadAttributes (168ms)
				ProcessInitializeOnLoadMethodAttributes (8ms)
				AfterProcessingInitializeOnLoad (7ms)
				EditorAssembliesLoaded (0ms)
			ExecutionOrderSort2 (0ms)
			AwakeInstancesAfterBackupRestoration (6ms)
Platform modules already initialized, skipping
Refreshing native plugins compatible for Editor in 0.31 ms, found 2 plugins.
Preloading 0 native plugins for Editor in 0.00 ms.
Unloading 1500 Unused Serialized files (Serialized files now loaded: 0)
System memory in use before: 71.7 MB.
System memory in use after: 71.8 MB.

Unloading 14 unused Assets to reduce memory usage. Loaded Objects now: 1990.
Total: 2.545200 ms (FindLiveObjects: 0.148700 ms CreateObjectMapping: 0.038200 ms MarkObjects: 2.343700 ms  DeleteObjects: 0.014000 ms)

AssetImportParameters requested are different than current active one (requested -> active):
  custom:framework-win-MediaFoundation: 216162199b28c13a410421893ffa2e32 -> 
  custom:video-decoder-ogg-theora: a1e56fd34408186e4bbccfd4996cb3dc -> 
  custom:container-muxer-webm: aa71ff27fc2769a1b78a27578f13a17b -> 
  custom:container-demuxer-webm: 4f35f7cbe854078d1ac9338744f61a02 -> 
  custom:container-demuxer-ogg: 62fdf1f143b41e24485cea50d1cbac27 -> 
  custom:video-encoder-webm-vp8: eb34c28f22e8b96e1ab97ce403110664 -> 
  custom:video-decoder-webm-vp8: 9c59270c3fd7afecdb556c50c9e8de78 -> 
  custom:audio-decoder-ogg-vorbis: bf7c407c2cedff20999df2af8eb42d56 -> 
  custom:audio-encoder-webm-vorbis: bf7c407c2cedff20999df2af8eb42d56 -> 
========================================================================
Received Prepare
Registering precompiled user dll's ...
Registered in 0.003104 seconds.
Begin MonoManager ReloadAssembly
Native extension for WindowsStandalone target not found
Refreshing native plugins compatible for Editor in 0.31 ms, found 2 plugins.
Preloading 0 native plugins for Editor in 0.00 ms.
Mono: successfully reloaded assembly
- Completed reload, in  0.928 seconds
Domain Reload Profiling:
	ReloadAssembly (928ms)
		BeginReloadAssembly (112ms)
			ExecutionOrderSort (0ms)
			DisableScriptedObjects (4ms)
			BackupInstance (0ms)
			ReleaseScriptingObjects (0ms)
			CreateAndSetChildDomain (27ms)
		EndReloadAssembly (756ms)
			LoadAssemblies (87ms)
			RebuildTransferFunctionScriptingTraits (0ms)
			SetupTypeCache (288ms)
			ReleaseScriptCaches (1ms)
			RebuildScriptCaches (35ms)
			SetupLoadedEditorAssemblies (265ms)
				LogAssemblyErrors (0ms)
				InitializePlatformSupportModulesInManaged (4ms)
				SetLoadedEditorAssemblies (1ms)
				RefreshPlugins (0ms)
				BeforeProcessingInitializeOnLoad (69ms)
				ProcessInitializeOnLoadAttributes (175ms)
				ProcessInitializeOnLoadMethodAttributes (9ms)
				AfterProcessingInitializeOnLoad (7ms)
				EditorAssembliesLoaded (0ms)
			ExecutionOrderSort2 (0ms)
			AwakeInstancesAfterBackupRestoration (7ms)
Platform modules already initialized, skipping
Refreshing native plugins compatible for Editor in 0.31 ms, found 2 plugins.
Preloading 0 native plugins for Editor in 0.00 ms.
Unloading 1500 Unused Serialized files (Serialized files now loaded: 0)
System memory in use before: 71.7 MB.
System memory in use after: 71.8 MB.

Unloading 14 unused Assets to reduce memory usage. Loaded Objects now: 1992.
Total: 2.707900 ms (FindLiveObjects: 0.163300 ms CreateObjectMapping: 0.042800 ms MarkObjects: 2.487000 ms  DeleteObjects: 0.013900 ms)

AssetImportParameters requested are different than current active one (requested -> active):
  custom:framework-win-MediaFoundation: 216162199b28c13a410421893ffa2e32 -> 
  custom:video-decoder-ogg-theora: a1e56fd34408186e4bbccfd4996cb3dc -> 
  custom:container-muxer-webm: aa71ff27fc2769a1b78a27578f13a17b -> 
  custom:container-demuxer-webm: 4f35f7cbe854078d1ac9338744f61a02 -> 
  custom:container-demuxer-ogg: 62fdf1f143b41e24485cea50d1cbac27 -> 
  custom:video-encoder-webm-vp8: eb34c28f22e8b96e1ab97ce403110664 -> 
  custom:video-decoder-webm-vp8: 9c59270c3fd7afecdb556c50c9e8de78 -> 
  custom:audio-decoder-ogg-vorbis: bf7c407c2cedff20999df2af8eb42d56 -> 
  custom:audio-encoder-webm-vorbis: bf7c407c2cedff20999df2af8eb42d56 -> 
========================================================================
Received Prepare
Registering precompiled user dll's ...
Registered in 0.002998 seconds.
Begin MonoManager ReloadAssembly
Native extension for WindowsStandalone target not found
Refreshing native plugins compatible for Editor in 0.31 ms, found 2 plugins.
Preloading 0 native plugins for Editor in 0.00 ms.
Mono: successfully reloaded assembly
- Completed reload, in  0.909 seconds
Domain Reload Profiling:
	ReloadAssembly (910ms)
		BeginReloadAssembly (98ms)
			ExecutionOrderSort (0ms)
			DisableScriptedObjects (4ms)
			BackupInstance (0ms)
			ReleaseScriptingObjects (0ms)
			CreateAndSetChildDomain (25ms)
		EndReloadAssembly (755ms)
			LoadAssemblies (83ms)
			RebuildTransferFunctionScriptingTraits (0ms)
			SetupTypeCache (263ms)
			ReleaseScriptCaches (1ms)
			RebuildScriptCaches (35ms)
			SetupLoadedEditorAssemblies (290ms)
				LogAssemblyErrors (0ms)
				InitializePlatformSupportModulesInManaged (4ms)
				SetLoadedEditorAssemblies (0ms)
				RefreshPlugins (0ms)
				BeforeProcessingInitializeOnLoad (72ms)
				ProcessInitializeOnLoadAttributes (197ms)
				ProcessInitializeOnLoadMethodAttributes (9ms)
				AfterProcessingInitializeOnLoad (7ms)
				EditorAssembliesLoaded (0ms)
			ExecutionOrderSort2 (0ms)
			AwakeInstancesAfterBackupRestoration (6ms)
Platform modules already initialized, skipping
Refreshing native plugins compatible for Editor in 0.34 ms, found 2 plugins.
Preloading 0 native plugins for Editor in 0.00 ms.
Unloading 1500 Unused Serialized files (Serialized files now loaded: 0)
System memory in use before: 71.7 MB.
System memory in use after: 71.8 MB.

Unloading 14 unused Assets to reduce memory usage. Loaded Objects now: 1994.
Total: 3.026300 ms (FindLiveObjects: 0.163900 ms CreateObjectMapping: 0.040300 ms MarkObjects: 2.794300 ms  DeleteObjects: 0.026500 ms)

AssetImportParameters requested are different than current active one (requested -> active):
  custom:framework-win-MediaFoundation: 216162199b28c13a410421893ffa2e32 -> 
  custom:video-decoder-ogg-theora: a1e56fd34408186e4bbccfd4996cb3dc -> 
  custom:container-muxer-webm: aa71ff27fc2769a1b78a27578f13a17b -> 
  custom:container-demuxer-webm: 4f35f7cbe854078d1ac9338744f61a02 -> 
  custom:container-demuxer-ogg: 62fdf1f143b41e24485cea50d1cbac27 -> 
  custom:video-encoder-webm-vp8: eb34c28f22e8b96e1ab97ce403110664 -> 
  custom:video-decoder-webm-vp8: 9c59270c3fd7afecdb556c50c9e8de78 -> 
  custom:audio-decoder-ogg-vorbis: bf7c407c2cedff20999df2af8eb42d56 -> 
  custom:audio-encoder-webm-vorbis: bf7c407c2cedff20999df2af8eb42d56 -> 
========================================================================
Received Prepare
Registering precompiled user dll's ...
Registered in 0.002850 seconds.
Begin MonoManager ReloadAssembly
Native extension for WindowsStandalone target not found
Refreshing native plugins compatible for Editor in 0.32 ms, found 2 plugins.
Preloading 0 native plugins for Editor in 0.00 ms.
Mono: successfully reloaded assembly
- Completed reload, in  0.877 seconds
Domain Reload Profiling:
	ReloadAssembly (878ms)
		BeginReloadAssembly (98ms)
			ExecutionOrderSort (0ms)
			DisableScriptedObjects (4ms)
			BackupInstance (0ms)
			ReleaseScriptingObjects (0ms)
			CreateAndSetChildDomain (25ms)
		EndReloadAssembly (720ms)
			LoadAssemblies (86ms)
			RebuildTransferFunctionScriptingTraits (0ms)
			SetupTypeCache (266ms)
			ReleaseScriptCaches (1ms)
			RebuildScriptCaches (35ms)
			SetupLoadedEditorAssemblies (255ms)
				LogAssemblyErrors (0ms)
				InitializePlatformSupportModulesInManaged (4ms)
				SetLoadedEditorAssemblies (0ms)
				RefreshPlugins (0ms)
				BeforeProcessingInitializeOnLoad (67ms)
				ProcessInitializeOnLoadAttributes (167ms)
				ProcessInitializeOnLoadMethodAttributes (8ms)
				AfterProcessingInitializeOnLoad (7ms)
				EditorAssembliesLoaded (0ms)
			ExecutionOrderSort2 (0ms)
			AwakeInstancesAfterBackupRestoration (6ms)
Platform modules already initialized, skipping
Refreshing native plugins compatible for Editor in 0.30 ms, found 2 plugins.
Preloading 0 native plugins for Editor in 0.00 ms.
Unloading 1500 Unused Serialized files (Serialized files now loaded: 0)
System memory in use before: 71.7 MB.
System memory in use after: 71.8 MB.

Unloading 14 unused Assets to reduce memory usage. Loaded Objects now: 1996.
Total: 2.675500 ms (FindLiveObjects: 0.147800 ms CreateObjectMapping: 0.037900 ms MarkObjects: 2.475600 ms  DeleteObjects: 0.013500 ms)

AssetImportParameters requested are different than current active one (requested -> active):
  custom:framework-win-MediaFoundation: 216162199b28c13a410421893ffa2e32 -> 
  custom:video-decoder-ogg-theora: a1e56fd34408186e4bbccfd4996cb3dc -> 
  custom:container-muxer-webm: aa71ff27fc2769a1b78a27578f13a17b -> 
  custom:container-demuxer-webm: 4f35f7cbe854078d1ac9338744f61a02 -> 
  custom:container-demuxer-ogg: 62fdf1f143b41e24485cea50d1cbac27 -> 
  custom:video-encoder-webm-vp8: eb34c28f22e8b96e1ab97ce403110664 -> 
  custom:video-decoder-webm-vp8: 9c59270c3fd7afecdb556c50c9e8de78 -> 
  custom:audio-decoder-ogg-vorbis: bf7c407c2cedff20999df2af8eb42d56 -> 
  custom:audio-encoder-webm-vorbis: bf7c407c2cedff20999df2af8eb42d56 -> 
========================================================================
Received Prepare
Registering precompiled user dll's ...
Registered in 0.002768 seconds.
Begin MonoManager ReloadAssembly
Native extension for WindowsStandalone target not found
Refreshing native plugins compatible for Editor in 0.30 ms, found 2 plugins.
Preloading 0 native plugins for Editor in 0.00 ms.
Mono: successfully reloaded assembly
- Completed reload, in  0.847 seconds
Domain Reload Profiling:
	ReloadAssembly (848ms)
		BeginReloadAssembly (101ms)
			ExecutionOrderSort (0ms)
			DisableScriptedObjects (4ms)
			BackupInstance (0ms)
			ReleaseScriptingObjects (0ms)
			CreateAndSetChildDomain (25ms)
		EndReloadAssembly (691ms)
			LoadAssemblies (82ms)
			RebuildTransferFunctionScriptingTraits (0ms)
			SetupTypeCache (247ms)
			ReleaseScriptCaches (1ms)
			RebuildScriptCaches (34ms)
			SetupLoadedEditorAssemblies (252ms)
				LogAssemblyErrors (0ms)
				InitializePlatformSupportModulesInManaged (4ms)
				SetLoadedEditorAssemblies (0ms)
				RefreshPlugins (0ms)
				BeforeProcessingInitializeOnLoad (67ms)
				ProcessInitializeOnLoadAttributes (165ms)
				ProcessInitializeOnLoadMethodAttributes (8ms)
				AfterProcessingInitializeOnLoad (7ms)
				EditorAssembliesLoaded (0ms)
			ExecutionOrderSort2 (0ms)
			AwakeInstancesAfterBackupRestoration (6ms)
Platform modules already initialized, skipping
Refreshing native plugins compatible for Editor in 0.30 ms, found 2 plugins.
Preloading 0 native plugins for Editor in 0.00 ms.
Unloading 1500 Unused Serialized files (Serialized files now loaded: 0)
System memory in use before: 71.7 MB.
System memory in use after: 71.8 MB.

Unloading 14 unused Assets to reduce memory usage. Loaded Objects now: 1998.
Total: 2.557200 ms (FindLiveObjects: 0.121600 ms CreateObjectMapping: 0.039400 ms MarkObjects: 2.382900 ms  DeleteObjects: 0.012600 ms)

AssetImportParameters requested are different than current active one (requested -> active):
  custom:framework-win-MediaFoundation: 216162199b28c13a410421893ffa2e32 -> 
  custom:video-decoder-ogg-theora: a1e56fd34408186e4bbccfd4996cb3dc -> 
  custom:container-muxer-webm: aa71ff27fc2769a1b78a27578f13a17b -> 
  custom:container-demuxer-webm: 4f35f7cbe854078d1ac9338744f61a02 -> 
  custom:container-demuxer-ogg: 62fdf1f143b41e24485cea50d1cbac27 -> 
  custom:video-encoder-webm-vp8: eb34c28f22e8b96e1ab97ce403110664 -> 
  custom:video-decoder-webm-vp8: 9c59270c3fd7afecdb556c50c9e8de78 -> 
  custom:audio-decoder-ogg-vorbis: bf7c407c2cedff20999df2af8eb42d56 -> 
  custom:audio-encoder-webm-vorbis: bf7c407c2cedff20999df2af8eb42d56 -> 
========================================================================
Received Prepare
Registering precompiled user dll's ...
Registered in 0.002957 seconds.
Begin MonoManager ReloadAssembly
Native extension for WindowsStandalone target not found
Refreshing native plugins compatible for Editor in 0.32 ms, found 2 plugins.
Preloading 0 native plugins for Editor in 0.00 ms.
Mono: successfully reloaded assembly
- Completed reload, in  0.948 seconds
Domain Reload Profiling:
	ReloadAssembly (948ms)
		BeginReloadAssembly (111ms)
			ExecutionOrderSort (0ms)
			DisableScriptedObjects (5ms)
			BackupInstance (0ms)
			ReleaseScriptingObjects (0ms)
			CreateAndSetChildDomain (28ms)
		EndReloadAssembly (774ms)
			LoadAssemblies (89ms)
			RebuildTransferFunctionScriptingTraits (0ms)
			SetupTypeCache (282ms)
			ReleaseScriptCaches (1ms)
			RebuildScriptCaches (38ms)
			SetupLoadedEditorAssemblies (277ms)
				LogAssemblyErrors (0ms)
				InitializePlatformSupportModulesInManaged (5ms)
				SetLoadedEditorAssemblies (1ms)
				RefreshPlugins (0ms)
				BeforeProcessingInitializeOnLoad (76ms)
				ProcessInitializeOnLoadAttributes (180ms)
				ProcessInitializeOnLoadMethodAttributes (8ms)
				AfterProcessingInitializeOnLoad (7ms)
				EditorAssembliesLoaded (0ms)
			ExecutionOrderSort2 (0ms)
			AwakeInstancesAfterBackupRestoration (6ms)
Platform modules already initialized, skipping
Refreshing native plugins compatible for Editor in 0.31 ms, found 2 plugins.
Preloading 0 native plugins for Editor in 0.00 ms.
Unloading 1500 Unused Serialized files (Serialized files now loaded: 0)
System memory in use before: 71.7 MB.
System memory in use after: 71.8 MB.

Unloading 14 unused Assets to reduce memory usage. Loaded Objects now: 2000.
Total: 2.702500 ms (FindLiveObjects: 0.140400 ms CreateObjectMapping: 0.038200 ms MarkObjects: 2.509400 ms  DeleteObjects: 0.013800 ms)

AssetImportParameters requested are different than current active one (requested -> active):
  custom:framework-win-MediaFoundation: 216162199b28c13a410421893ffa2e32 -> 
  custom:video-decoder-ogg-theora: a1e56fd34408186e4bbccfd4996cb3dc -> 
  custom:container-muxer-webm: aa71ff27fc2769a1b78a27578f13a17b -> 
  custom:container-demuxer-webm: 4f35f7cbe854078d1ac9338744f61a02 -> 
  custom:container-demuxer-ogg: 62fdf1f143b41e24485cea50d1cbac27 -> 
  custom:video-encoder-webm-vp8: eb34c28f22e8b96e1ab97ce403110664 -> 
  custom:video-decoder-webm-vp8: 9c59270c3fd7afecdb556c50c9e8de78 -> 
  custom:audio-decoder-ogg-vorbis: bf7c407c2cedff20999df2af8eb42d56 -> 
  custom:audio-encoder-webm-vorbis: bf7c407c2cedff20999df2af8eb42d56 -> 
========================================================================
Received Prepare
Registering precompiled user dll's ...
Registered in 0.002797 seconds.
Begin MonoManager ReloadAssembly
Native extension for WindowsStandalone target not found
Refreshing native plugins compatible for Editor in 0.32 ms, found 2 plugins.
Preloading 0 native plugins for Editor in 0.00 ms.
Mono: successfully reloaded assembly
- Completed reload, in  0.897 seconds
Domain Reload Profiling:
	ReloadAssembly (897ms)
		BeginReloadAssembly (104ms)
			ExecutionOrderSort (0ms)
			DisableScriptedObjects (4ms)
			BackupInstance (0ms)
			ReleaseScriptingObjects (0ms)
			CreateAndSetChildDomain (25ms)
		EndReloadAssembly (736ms)
			LoadAssemblies (85ms)
			RebuildTransferFunctionScriptingTraits (0ms)
			SetupTypeCache (257ms)
			ReleaseScriptCaches (1ms)
			RebuildScriptCaches (35ms)
			SetupLoadedEditorAssemblies (258ms)
				LogAssemblyErrors (0ms)
				InitializePlatformSupportModulesInManaged (4ms)
				SetLoadedEditorAssemblies (0ms)
				RefreshPlugins (0ms)
				BeforeProcessingInitializeOnLoad (68ms)
				ProcessInitializeOnLoadAttributes (170ms)
				ProcessInitializeOnLoadMethodAttributes (8ms)
				AfterProcessingInitializeOnLoad (7ms)
				EditorAssembliesLoaded (0ms)
			ExecutionOrderSort2 (0ms)
			AwakeInstancesAfterBackupRestoration (6ms)
Platform modules already initialized, skipping
Refreshing native plugins compatible for Editor in 0.30 ms, found 2 plugins.
Preloading 0 native plugins for Editor in 0.00 ms.
Unloading 1500 Unused Serialized files (Serialized files now loaded: 0)
System memory in use before: 71.7 MB.
System memory in use after: 71.8 MB.

Unloading 14 unused Assets to reduce memory usage. Loaded Objects now: 2002.
Total: 2.370300 ms (FindLiveObjects: 0.124900 ms CreateObjectMapping: 0.041600 ms MarkObjects: 2.188000 ms  DeleteObjects: 0.014700 ms)

AssetImportParameters requested are different than current active one (requested -> active):
  custom:framework-win-MediaFoundation: 216162199b28c13a410421893ffa2e32 -> 
  custom:video-decoder-ogg-theora: a1e56fd34408186e4bbccfd4996cb3dc -> 
  custom:container-muxer-webm: aa71ff27fc2769a1b78a27578f13a17b -> 
  custom:container-demuxer-webm: 4f35f7cbe854078d1ac9338744f61a02 -> 
  custom:container-demuxer-ogg: 62fdf1f143b41e24485cea50d1cbac27 -> 
  custom:video-encoder-webm-vp8: eb34c28f22e8b96e1ab97ce403110664 -> 
  custom:video-decoder-webm-vp8: 9c59270c3fd7afecdb556c50c9e8de78 -> 
  custom:audio-decoder-ogg-vorbis: bf7c407c2cedff20999df2af8eb42d56 -> 
  custom:audio-encoder-webm-vorbis: bf7c407c2cedff20999df2af8eb42d56 -> 
========================================================================
Received Prepare
Registering precompiled user dll's ...
Registered in 0.003494 seconds.
Begin MonoManager ReloadAssembly
Native extension for WindowsStandalone target not found
Refreshing native plugins compatible for Editor in 0.30 ms, found 2 plugins.
Preloading 0 native plugins for Editor in 0.00 ms.
Mono: successfully reloaded assembly
- Completed reload, in  0.899 seconds
Domain Reload Profiling:
	ReloadAssembly (899ms)
		BeginReloadAssembly (107ms)
			ExecutionOrderSort (0ms)
			DisableScriptedObjects (4ms)
			BackupInstance (0ms)
			ReleaseScriptingObjects (0ms)
			CreateAndSetChildDomain (25ms)
		EndReloadAssembly (734ms)
			LoadAssemblies (90ms)
			RebuildTransferFunctionScriptingTraits (0ms)
			SetupTypeCache (271ms)
			ReleaseScriptCaches (1ms)
			RebuildScriptCaches (36ms)
			SetupLoadedEditorAssemblies (257ms)
				LogAssemblyErrors (0ms)
				InitializePlatformSupportModulesInManaged (4ms)
				SetLoadedEditorAssemblies (0ms)
				RefreshPlugins (0ms)
				BeforeProcessingInitializeOnLoad (68ms)
				ProcessInitializeOnLoadAttributes (169ms)
				ProcessInitializeOnLoadMethodAttributes (8ms)
				AfterProcessingInitializeOnLoad (7ms)
				EditorAssembliesLoaded (0ms)
			ExecutionOrderSort2 (0ms)
			AwakeInstancesAfterBackupRestoration (6ms)
Platform modules already initialized, skipping
Refreshing native plugins compatible for Editor in 0.31 ms, found 2 plugins.
Preloading 0 native plugins for Editor in 0.00 ms.
Unloading 1500 Unused Serialized files (Serialized files now loaded: 0)
System memory in use before: 71.7 MB.
System memory in use after: 71.8 MB.

Unloading 14 unused Assets to reduce memory usage. Loaded Objects now: 2004.
Total: 2.600700 ms (FindLiveObjects: 0.142400 ms CreateObjectMapping: 0.039900 ms MarkObjects: 2.403900 ms  DeleteObjects: 0.013700 ms)

AssetImportParameters requested are different than current active one (requested -> active):
  custom:framework-win-MediaFoundation: 216162199b28c13a410421893ffa2e32 -> 
  custom:video-decoder-ogg-theora: a1e56fd34408186e4bbccfd4996cb3dc -> 
  custom:container-muxer-webm: aa71ff27fc2769a1b78a27578f13a17b -> 
  custom:container-demuxer-webm: 4f35f7cbe854078d1ac9338744f61a02 -> 
  custom:container-demuxer-ogg: 62fdf1f143b41e24485cea50d1cbac27 -> 
  custom:video-encoder-webm-vp8: eb34c28f22e8b96e1ab97ce403110664 -> 
  custom:video-decoder-webm-vp8: 9c59270c3fd7afecdb556c50c9e8de78 -> 
  custom:audio-decoder-ogg-vorbis: bf7c407c2cedff20999df2af8eb42d56 -> 
  custom:audio-encoder-webm-vorbis: bf7c407c2cedff20999df2af8eb42d56 -> 
========================================================================
Received Prepare
Registering precompiled user dll's ...
Registered in 0.002916 seconds.
Begin MonoManager ReloadAssembly
Native extension for WindowsStandalone target not found
Refreshing native plugins compatible for Editor in 0.31 ms, found 2 plugins.
Preloading 0 native plugins for Editor in 0.00 ms.
Mono: successfully reloaded assembly
- Completed reload, in  0.885 seconds
Domain Reload Profiling:
	ReloadAssembly (885ms)
		BeginReloadAssembly (117ms)
			ExecutionOrderSort (0ms)
			DisableScriptedObjects (4ms)
			BackupInstance (0ms)
			ReleaseScriptingObjects (0ms)
			CreateAndSetChildDomain (27ms)
		EndReloadAssembly (710ms)
			LoadAssemblies (84ms)
			RebuildTransferFunctionScriptingTraits (0ms)
			SetupTypeCache (262ms)
			ReleaseScriptCaches (1ms)
			RebuildScriptCaches (35ms)
			SetupLoadedEditorAssemblies (253ms)
				LogAssemblyErrors (0ms)
				InitializePlatformSupportModulesInManaged (4ms)
				SetLoadedEditorAssemblies (0ms)
				RefreshPlugins (0ms)
				BeforeProcessingInitializeOnLoad (68ms)
				ProcessInitializeOnLoadAttributes (165ms)
				ProcessInitializeOnLoadMethodAttributes (8ms)
				AfterProcessingInitializeOnLoad (7ms)
				EditorAssembliesLoaded (0ms)
			ExecutionOrderSort2 (0ms)
			AwakeInstancesAfterBackupRestoration (6ms)
Platform modules already initialized, skipping
Refreshing native plugins compatible for Editor in 0.30 ms, found 2 plugins.
Preloading 0 native plugins for Editor in 0.00 ms.
Unloading 1500 Unused Serialized files (Serialized files now loaded: 0)
System memory in use before: 71.7 MB.
System memory in use after: 71.8 MB.

Unloading 14 unused Assets to reduce memory usage. Loaded Objects now: 2006.
Total: 2.753800 ms (FindLiveObjects: 0.127400 ms CreateObjectMapping: 0.040300 ms MarkObjects: 2.571400 ms  DeleteObjects: 0.014000 ms)

AssetImportParameters requested are different than current active one (requested -> active):
  custom:framework-win-MediaFoundation: 216162199b28c13a410421893ffa2e32 -> 
  custom:video-decoder-ogg-theora: a1e56fd34408186e4bbccfd4996cb3dc -> 
  custom:container-muxer-webm: aa71ff27fc2769a1b78a27578f13a17b -> 
  custom:container-demuxer-webm: 4f35f7cbe854078d1ac9338744f61a02 -> 
  custom:container-demuxer-ogg: 62fdf1f143b41e24485cea50d1cbac27 -> 
  custom:video-encoder-webm-vp8: eb34c28f22e8b96e1ab97ce403110664 -> 
  custom:video-decoder-webm-vp8: 9c59270c3fd7afecdb556c50c9e8de78 -> 
  custom:audio-decoder-ogg-vorbis: bf7c407c2cedff20999df2af8eb42d56 -> 
  custom:audio-encoder-webm-vorbis: bf7c407c2cedff20999df2af8eb42d56 -> 
========================================================================
Received Prepare
Registering precompiled user dll's ...
Registered in 0.003222 seconds.
Begin MonoManager ReloadAssembly
Native extension for WindowsStandalone target not found
Refreshing native plugins compatible for Editor in 0.31 ms, found 2 plugins.
Preloading 0 native plugins for Editor in 0.00 ms.
Mono: successfully reloaded assembly
- Completed reload, in  0.853 seconds
Domain Reload Profiling:
	ReloadAssembly (854ms)
		BeginReloadAssembly (101ms)
			ExecutionOrderSort (0ms)
			DisableScriptedObjects (4ms)
			BackupInstance (0ms)
			ReleaseScriptingObjects (0ms)
			CreateAndSetChildDomain (26ms)
		EndReloadAssembly (696ms)
			LoadAssemblies (82ms)
			RebuildTransferFunctionScriptingTraits (0ms)
			SetupTypeCache (248ms)
			ReleaseScriptCaches (1ms)
			RebuildScriptCaches (33ms)
			SetupLoadedEditorAssemblies (253ms)
				LogAssemblyErrors (0ms)
				InitializePlatformSupportModulesInManaged (4ms)
				SetLoadedEditorAssemblies (0ms)
				RefreshPlugins (0ms)
				BeforeProcessingInitializeOnLoad (67ms)
				ProcessInitializeOnLoadAttributes (166ms)
				ProcessInitializeOnLoadMethodAttributes (8ms)
				AfterProcessingInitializeOnLoad (7ms)
				EditorAssembliesLoaded (0ms)
			ExecutionOrderSort2 (0ms)
			AwakeInstancesAfterBackupRestoration (6ms)
Platform modules already initialized, skipping
Refreshing native plugins compatible for Editor in 0.30 ms, found 2 plugins.
Preloading 0 native plugins for Editor in 0.00 ms.
Unloading 1500 Unused Serialized files (Serialized files now loaded: 0)
System memory in use before: 71.7 MB.
System memory in use after: 71.8 MB.

Unloading 14 unused Assets to reduce memory usage. Loaded Objects now: 2008.
Total: 2.466600 ms (FindLiveObjects: 0.143200 ms CreateObjectMapping: 0.037300 ms MarkObjects: 2.271000 ms  DeleteObjects: 0.013900 ms)

AssetImportParameters requested are different than current active one (requested -> active):
  custom:framework-win-MediaFoundation: 216162199b28c13a410421893ffa2e32 -> 
  custom:video-decoder-ogg-theora: a1e56fd34408186e4bbccfd4996cb3dc -> 
  custom:container-muxer-webm: aa71ff27fc2769a1b78a27578f13a17b -> 
  custom:container-demuxer-webm: 4f35f7cbe854078d1ac9338744f61a02 -> 
  custom:container-demuxer-ogg: 62fdf1f143b41e24485cea50d1cbac27 -> 
  custom:video-encoder-webm-vp8: eb34c28f22e8b96e1ab97ce403110664 -> 
  custom:video-decoder-webm-vp8: 9c59270c3fd7afecdb556c50c9e8de78 -> 
  custom:audio-decoder-ogg-vorbis: bf7c407c2cedff20999df2af8eb42d56 -> 
  custom:audio-encoder-webm-vorbis: bf7c407c2cedff20999df2af8eb42d56 -> 
========================================================================
Received Prepare
Registering precompiled user dll's ...
Registered in 0.003021 seconds.
Begin MonoManager ReloadAssembly
Native extension for WindowsStandalone target not found
Refreshing native plugins compatible for Editor in 0.30 ms, found 2 plugins.
Preloading 0 native plugins for Editor in 0.00 ms.
Mono: successfully reloaded assembly
- Completed reload, in  0.866 seconds
Domain Reload Profiling:
	ReloadAssembly (866ms)
		BeginReloadAssembly (107ms)
			ExecutionOrderSort (0ms)
			DisableScriptedObjects (4ms)
			BackupInstance (0ms)
			ReleaseScriptingObjects (0ms)
			CreateAndSetChildDomain (25ms)
		EndReloadAssembly (701ms)
			LoadAssemblies (85ms)
			RebuildTransferFunctionScriptingTraits (0ms)
			SetupTypeCache (253ms)
			ReleaseScriptCaches (1ms)
			RebuildScriptCaches (35ms)
			SetupLoadedEditorAssemblies (253ms)
				LogAssemblyErrors (0ms)
				InitializePlatformSupportModulesInManaged (4ms)
				SetLoadedEditorAssemblies (0ms)
				RefreshPlugins (0ms)
				BeforeProcessingInitializeOnLoad (68ms)
				ProcessInitializeOnLoadAttributes (165ms)
				ProcessInitializeOnLoadMethodAttributes (8ms)
				AfterProcessingInitializeOnLoad (7ms)
				EditorAssembliesLoaded (0ms)
			ExecutionOrderSort2 (0ms)
			AwakeInstancesAfterBackupRestoration (6ms)
Platform modules already initialized, skipping
Refreshing native plugins compatible for Editor in 0.33 ms, found 2 plugins.
Preloading 0 native plugins for Editor in 0.00 ms.
Unloading 1500 Unused Serialized files (Serialized files now loaded: 0)
System memory in use before: 71.7 MB.
System memory in use after: 71.8 MB.

Unloading 14 unused Assets to reduce memory usage. Loaded Objects now: 2010.
Total: 2.752200 ms (FindLiveObjects: 0.121500 ms CreateObjectMapping: 0.036000 ms MarkObjects: 2.576100 ms  DeleteObjects: 0.017700 ms)

AssetImportParameters requested are different than current active one (requested -> active):
  custom:framework-win-MediaFoundation: 216162199b28c13a410421893ffa2e32 -> 
  custom:video-decoder-ogg-theora: a1e56fd34408186e4bbccfd4996cb3dc -> 
  custom:container-muxer-webm: aa71ff27fc2769a1b78a27578f13a17b -> 
  custom:container-demuxer-webm: 4f35f7cbe854078d1ac9338744f61a02 -> 
  custom:container-demuxer-ogg: 62fdf1f143b41e24485cea50d1cbac27 -> 
  custom:video-encoder-webm-vp8: eb34c28f22e8b96e1ab97ce403110664 -> 
  custom:video-decoder-webm-vp8: 9c59270c3fd7afecdb556c50c9e8de78 -> 
  custom:audio-decoder-ogg-vorbis: bf7c407c2cedff20999df2af8eb42d56 -> 
  custom:audio-encoder-webm-vorbis: bf7c407c2cedff20999df2af8eb42d56 -> 
========================================================================
Received Prepare
Registering precompiled user dll's ...
Registered in 0.003004 seconds.
Begin MonoManager ReloadAssembly
Native extension for WindowsStandalone target not found
Refreshing native plugins compatible for Editor in 0.31 ms, found 2 plugins.
Preloading 0 native plugins for Editor in 0.00 ms.
Mono: successfully reloaded assembly
- Completed reload, in  0.917 seconds
Domain Reload Profiling:
	ReloadAssembly (918ms)
		BeginReloadAssembly (128ms)
			ExecutionOrderSort (0ms)
			DisableScriptedObjects (4ms)
			BackupInstance (0ms)
			ReleaseScriptingObjects (0ms)
			CreateAndSetChildDomain (33ms)
		EndReloadAssembly (730ms)
			LoadAssemblies (98ms)
			RebuildTransferFunctionScriptingTraits (0ms)
			SetupTypeCache (266ms)
			ReleaseScriptCaches (1ms)
			RebuildScriptCaches (35ms)
			SetupLoadedEditorAssemblies (256ms)
				LogAssemblyErrors (0ms)
				InitializePlatformSupportModulesInManaged (4ms)
				SetLoadedEditorAssemblies (0ms)
				RefreshPlugins (0ms)
				BeforeProcessingInitializeOnLoad (68ms)
				ProcessInitializeOnLoadAttributes (168ms)
				ProcessInitializeOnLoadMethodAttributes (8ms)
				AfterProcessingInitializeOnLoad (7ms)
				EditorAssembliesLoaded (0ms)
			ExecutionOrderSort2 (0ms)
			AwakeInstancesAfterBackupRestoration (6ms)
Platform modules already initialized, skipping
Refreshing native plugins compatible for Editor in 0.33 ms, found 2 plugins.
Preloading 0 native plugins for Editor in 0.00 ms.
Unloading 1500 Unused Serialized files (Serialized files now loaded: 0)
System memory in use before: 71.7 MB.
System memory in use after: 71.9 MB.

Unloading 14 unused Assets to reduce memory usage. Loaded Objects now: 2012.
Total: 2.709200 ms (FindLiveObjects: 0.145700 ms CreateObjectMapping: 0.038300 ms MarkObjects: 2.510200 ms  DeleteObjects: 0.014000 ms)

AssetImportParameters requested are different than current active one (requested -> active):
  custom:framework-win-MediaFoundation: 216162199b28c13a410421893ffa2e32 -> 
  custom:video-decoder-ogg-theora: a1e56fd34408186e4bbccfd4996cb3dc -> 
  custom:container-muxer-webm: aa71ff27fc2769a1b78a27578f13a17b -> 
  custom:container-demuxer-webm: 4f35f7cbe854078d1ac9338744f61a02 -> 
  custom:container-demuxer-ogg: 62fdf1f143b41e24485cea50d1cbac27 -> 
  custom:video-encoder-webm-vp8: eb34c28f22e8b96e1ab97ce403110664 -> 
  custom:video-decoder-webm-vp8: 9c59270c3fd7afecdb556c50c9e8de78 -> 
  custom:audio-decoder-ogg-vorbis: bf7c407c2cedff20999df2af8eb42d56 -> 
  custom:audio-encoder-webm-vorbis: bf7c407c2cedff20999df2af8eb42d56 -> 
========================================================================
Received Prepare
Registering precompiled user dll's ...
Registered in 0.002888 seconds.
Begin MonoManager ReloadAssembly
Native extension for WindowsStandalone target not found
Refreshing native plugins compatible for Editor in 0.31 ms, found 2 plugins.
Preloading 0 native plugins for Editor in 0.00 ms.
Mono: successfully reloaded assembly
- Completed reload, in  0.894 seconds
Domain Reload Profiling:
	ReloadAssembly (895ms)
		BeginReloadAssembly (110ms)
			ExecutionOrderSort (0ms)
			DisableScriptedObjects (4ms)
			BackupInstance (0ms)
			ReleaseScriptingObjects (0ms)
			CreateAndSetChildDomain (28ms)
		EndReloadAssembly (729ms)
			LoadAssemblies (81ms)
			RebuildTransferFunctionScriptingTraits (0ms)
			SetupTypeCache (278ms)
			ReleaseScriptCaches (1ms)
			RebuildScriptCaches (34ms)
			SetupLoadedEditorAssemblies (256ms)
				LogAssemblyErrors (0ms)
				InitializePlatformSupportModulesInManaged (4ms)
				SetLoadedEditorAssemblies (0ms)
				RefreshPlugins (0ms)
				BeforeProcessingInitializeOnLoad (68ms)
				ProcessInitializeOnLoadAttributes (168ms)
				ProcessInitializeOnLoadMethodAttributes (8ms)
				AfterProcessingInitializeOnLoad (7ms)
				EditorAssembliesLoaded (0ms)
			ExecutionOrderSort2 (0ms)
			AwakeInstancesAfterBackupRestoration (6ms)
Platform modules already initialized, skipping
Refreshing native plugins compatible for Editor in 0.32 ms, found 2 plugins.
Preloading 0 native plugins for Editor in 0.00 ms.
Unloading 1500 Unused Serialized files (Serialized files now loaded: 0)
System memory in use before: 71.8 MB.
System memory in use after: 71.9 MB.

Unloading 14 unused Assets to reduce memory usage. Loaded Objects now: 2014.
Total: 2.322400 ms (FindLiveObjects: 0.122300 ms CreateObjectMapping: 0.037600 ms MarkObjects: 2.149000 ms  DeleteObjects: 0.012800 ms)

AssetImportParameters requested are different than current active one (requested -> active):
  custom:framework-win-MediaFoundation: 216162199b28c13a410421893ffa2e32 -> 
  custom:video-decoder-ogg-theora: a1e56fd34408186e4bbccfd4996cb3dc -> 
  custom:container-muxer-webm: aa71ff27fc2769a1b78a27578f13a17b -> 
  custom:container-demuxer-webm: 4f35f7cbe854078d1ac9338744f61a02 -> 
  custom:container-demuxer-ogg: 62fdf1f143b41e24485cea50d1cbac27 -> 
  custom:video-encoder-webm-vp8: eb34c28f22e8b96e1ab97ce403110664 -> 
  custom:video-decoder-webm-vp8: 9c59270c3fd7afecdb556c50c9e8de78 -> 
  custom:audio-decoder-ogg-vorbis: bf7c407c2cedff20999df2af8eb42d56 -> 
  custom:audio-encoder-webm-vorbis: bf7c407c2cedff20999df2af8eb42d56 -> 
========================================================================
Received Prepare
Registering precompiled user dll's ...
Registered in 0.002925 seconds.
Begin MonoManager ReloadAssembly
Native extension for WindowsStandalone target not found
Refreshing native plugins compatible for Editor in 0.31 ms, found 2 plugins.
Preloading 0 native plugins for Editor in 0.00 ms.
Mono: successfully reloaded assembly
- Completed reload, in  0.861 seconds
Domain Reload Profiling:
	ReloadAssembly (861ms)
		BeginReloadAssembly (106ms)
			ExecutionOrderSort (0ms)
			DisableScriptedObjects (4ms)
			BackupInstance (0ms)
			ReleaseScriptingObjects (0ms)
			CreateAndSetChildDomain (25ms)
		EndReloadAssembly (699ms)
			LoadAssemblies (83ms)
			RebuildTransferFunctionScriptingTraits (0ms)
			SetupTypeCache (249ms)
			ReleaseScriptCaches (1ms)
			RebuildScriptCaches (34ms)
			SetupLoadedEditorAssemblies (254ms)
				LogAssemblyErrors (0ms)
				InitializePlatformSupportModulesInManaged (4ms)
				SetLoadedEditorAssemblies (0ms)
				RefreshPlugins (0ms)
				BeforeProcessingInitializeOnLoad (66ms)
				ProcessInitializeOnLoadAttributes (164ms)
				ProcessInitializeOnLoadMethodAttributes (11ms)
				AfterProcessingInitializeOnLoad (8ms)
				EditorAssembliesLoaded (0ms)
			ExecutionOrderSort2 (0ms)
			AwakeInstancesAfterBackupRestoration (8ms)
Platform modules already initialized, skipping
Refreshing native plugins compatible for Editor in 0.31 ms, found 2 plugins.
Preloading 0 native plugins for Editor in 0.00 ms.
Unloading 1500 Unused Serialized files (Serialized files now loaded: 0)
System memory in use before: 71.8 MB.
System memory in use after: 71.9 MB.

Unloading 14 unused Assets to reduce memory usage. Loaded Objects now: 2016.
Total: 2.550200 ms (FindLiveObjects: 0.152800 ms CreateObjectMapping: 0.038700 ms MarkObjects: 2.339700 ms  DeleteObjects: 0.018300 ms)

AssetImportParameters requested are different than current active one (requested -> active):
  custom:framework-win-MediaFoundation: 216162199b28c13a410421893ffa2e32 -> 
  custom:video-decoder-ogg-theora: a1e56fd34408186e4bbccfd4996cb3dc -> 
  custom:container-muxer-webm: aa71ff27fc2769a1b78a27578f13a17b -> 
  custom:container-demuxer-webm: 4f35f7cbe854078d1ac9338744f61a02 -> 
  custom:container-demuxer-ogg: 62fdf1f143b41e24485cea50d1cbac27 -> 
  custom:video-encoder-webm-vp8: eb34c28f22e8b96e1ab97ce403110664 -> 
  custom:video-decoder-webm-vp8: 9c59270c3fd7afecdb556c50c9e8de78 -> 
  custom:audio-decoder-ogg-vorbis: bf7c407c2cedff20999df2af8eb42d56 -> 
  custom:audio-encoder-webm-vorbis: bf7c407c2cedff20999df2af8eb42d56 -> 
========================================================================
Received Prepare
Registering precompiled user dll's ...
Registered in 0.003336 seconds.
Begin MonoManager ReloadAssembly
Native extension for WindowsStandalone target not found
Refreshing native plugins compatible for Editor in 0.30 ms, found 2 plugins.
Preloading 0 native plugins for Editor in 0.00 ms.
Mono: successfully reloaded assembly
- Completed reload, in  0.882 seconds
Domain Reload Profiling:
	ReloadAssembly (882ms)
		BeginReloadAssembly (107ms)
			ExecutionOrderSort (0ms)
			DisableScriptedObjects (4ms)
			BackupInstance (0ms)
			ReleaseScriptingObjects (0ms)
			CreateAndSetChildDomain (26ms)
		EndReloadAssembly (718ms)
			LoadAssemblies (85ms)
			RebuildTransferFunctionScriptingTraits (0ms)
			SetupTypeCache (268ms)
			ReleaseScriptCaches (1ms)
			RebuildScriptCaches (35ms)
			SetupLoadedEditorAssemblies (253ms)
				LogAssemblyErrors (0ms)
				InitializePlatformSupportModulesInManaged (4ms)
				SetLoadedEditorAssemblies (0ms)
				RefreshPlugins (0ms)
				BeforeProcessingInitializeOnLoad (66ms)
				ProcessInitializeOnLoadAttributes (168ms)
				ProcessInitializeOnLoadMethodAttributes (8ms)
				AfterProcessingInitializeOnLoad (7ms)
				EditorAssembliesLoaded (0ms)
			ExecutionOrderSort2 (0ms)
			AwakeInstancesAfterBackupRestoration (6ms)
Platform modules already initialized, skipping
Refreshing native plugins compatible for Editor in 0.31 ms, found 2 plugins.
Preloading 0 native plugins for Editor in 0.00 ms.
Unloading 1500 Unused Serialized files (Serialized files now loaded: 0)
System memory in use before: 71.8 MB.
System memory in use after: 71.9 MB.

Unloading 14 unused Assets to reduce memory usage. Loaded Objects now: 2018.
Total: 2.716300 ms (FindLiveObjects: 0.145400 ms CreateObjectMapping: 0.039900 ms MarkObjects: 2.516500 ms  DeleteObjects: 0.013700 ms)

AssetImportParameters requested are different than current active one (requested -> active):
  custom:framework-win-MediaFoundation: 216162199b28c13a410421893ffa2e32 -> 
  custom:video-decoder-ogg-theora: a1e56fd34408186e4bbccfd4996cb3dc -> 
  custom:container-muxer-webm: aa71ff27fc2769a1b78a27578f13a17b -> 
  custom:container-demuxer-webm: 4f35f7cbe854078d1ac9338744f61a02 -> 
  custom:container-demuxer-ogg: 62fdf1f143b41e24485cea50d1cbac27 -> 
  custom:video-encoder-webm-vp8: eb34c28f22e8b96e1ab97ce403110664 -> 
  custom:video-decoder-webm-vp8: 9c59270c3fd7afecdb556c50c9e8de78 -> 
  custom:audio-decoder-ogg-vorbis: bf7c407c2cedff20999df2af8eb42d56 -> 
  custom:audio-encoder-webm-vorbis: bf7c407c2cedff20999df2af8eb42d56 -> 
AssetImportWorkerClient::OnTransportError - code=2 error=End of file
